<html>
<head>
<title>TestNG:  Surefire test</title>
<link href="../testng.css" rel="stylesheet" type="text/css" />
<link href="../my-testng.css" rel="stylesheet" type="text/css" />

<style type="text/css">
.log { display: none;} 
.stack-trace { display: none;} 
</style>
<script type="text/javascript">
<!--
function flip(e) {
  current = e.style.display;
  if (current == 'block') {
    e.style.display = 'none';
    return 0;
  }
  else {
    e.style.display = 'block';
    return 1;
  }
}

function toggleBox(szDivId, elem, msg1, msg2)
{
  var res = -1;  if (document.getElementById) {
    res = flip(document.getElementById(szDivId));
  }
  else if (document.all) {
    // this is the way old msie versions work
    res = flip(document.all[szDivId]);
  }
  if(elem) {
    if(res == 0) elem.innerHTML = msg1; else elem.innerHTML = msg2;
  }

}

function toggleAllBoxes() {
  if (document.getElementsByTagName) {
    d = document.getElementsByTagName('div');
    for (i = 0; i < d.length; i++) {
      if (d[i].className == 'log') {
        flip(d[i]);
      }
    }
  }
}

// -->
</script>

</head>
<body>
<h2 align='center'>Surefire test</h2><table border='1' align="center">
<tr>
<td>Tests passed/Failed/Skipped:</td><td>60/0/0</td>
</tr><tr>
<td>Started on:</td><td>Fri Mar 24 16:25:36 EDT 2023</td>
</tr>
<tr><td>Total time:</td><td>3 seconds (3575 ms)</td>
</tr><tr>
<td>Included groups:</td><td></td>
</tr><tr>
<td>Excluded groups:</td><td></td>
</tr>
</table><p/>
<small><i>(Hover the method name to see the test class name)</i></small><p/>
<table width='100%' border='1' class='invocation-passed'>
<tr><td colspan='4' align='center'><b>PASSED TESTS</b></td></tr>
<tr><td><b>Test method</b></td>
<td width="30%"><b>Exception</b></td>
<td width="10%"><b>Time (seconds)</b></td>
<td><b>Instance</b></td>
</tr>
<tr>
<td title='com.nagasumali.stocks.domain.StockTest.shouldCalculateCommonDividendYield()'><b>shouldCalculateCommonDividendYield</b><br>Test class: com.nagasumali.stocks.domain.StockTest</td>
<td></td>
<td>0</td>
<td>com.nagasumali.stocks.domain.StockTest@6a714237</td></tr>
<tr>
<td title='com.nagasumali.stocks.service.StockServiceImplTest.shouldCalculateDividend()'><b>shouldCalculateDividend</b><br>Test class: com.nagasumali.stocks.service.StockServiceImplTest</td>
<td></td>
<td>0</td>
<td>com.nagasumali.stocks.service.StockServiceImplTest@4ebadd3d</td></tr>
<tr>
<td title='com.nagasumali.stocks.service.StockServiceImplTest.shouldCalculateGBCEAllSharesIndex()'><b>shouldCalculateGBCEAllSharesIndex</b><br>Test class: com.nagasumali.stocks.service.StockServiceImplTest</td>
<td></td>
<td>0</td>
<td>com.nagasumali.stocks.service.StockServiceImplTest@4ebadd3d</td></tr>
<tr>
<td title='com.nagasumali.stocks.domain.StockTest.shouldCalculatePERatio()'><b>shouldCalculatePERatio</b><br>Test class: com.nagasumali.stocks.domain.StockTest</td>
<td></td>
<td>0</td>
<td>com.nagasumali.stocks.domain.StockTest@6a714237</td></tr>
<tr>
<td title='com.nagasumali.stocks.service.StockServiceImplTest.shouldCalculatePERatio()'><b>shouldCalculatePERatio</b><br>Test class: com.nagasumali.stocks.service.StockServiceImplTest</td>
<td></td>
<td>0</td>
<td>com.nagasumali.stocks.service.StockServiceImplTest@4ebadd3d</td></tr>
<tr>
<td title='com.nagasumali.stocks.domain.StockTest.shouldCalculatePreferredDividendYield()'><b>shouldCalculatePreferredDividendYield</b><br>Test class: com.nagasumali.stocks.domain.StockTest</td>
<td></td>
<td>0</td>
<td>com.nagasumali.stocks.domain.StockTest@6a714237</td></tr>
<tr>
<td title='com.nagasumali.stocks.service.StockServiceImplTest.shouldCalculateStockPrice()'><b>shouldCalculateStockPrice</b><br>Test class: com.nagasumali.stocks.service.StockServiceImplTest</td>
<td></td>
<td>0</td>
<td>com.nagasumali.stocks.service.StockServiceImplTest@4ebadd3d</td></tr>
<tr>
<td title='com.nagasumali.stocks.service.StockServiceImplTest.shouldCalculateStockPriceFromPastMinutes()'><b>shouldCalculateStockPriceFromPastMinutes</b><br>Test class: com.nagasumali.stocks.service.StockServiceImplTest</td>
<td></td>
<td>0</td>
<td>com.nagasumali.stocks.service.StockServiceImplTest@4ebadd3d</td></tr>
<tr>
<td title='com.nagasumali.stocks.controller.converter.StockConverterTest.shouldConvert()'><b>shouldConvert</b><br>Test class: com.nagasumali.stocks.controller.converter.StockConverterTest</td>
<td></td>
<td>0</td>
<td>com.nagasumali.stocks.controller.converter.StockConverterTest@452c8a40</td></tr>
<tr>
<td title='com.nagasumali.stocks.controller.converter.StockDtoConverterTest.shouldConvert()'><b>shouldConvert</b><br>Test class: com.nagasumali.stocks.controller.converter.StockDtoConverterTest</td>
<td></td>
<td>0</td>
<td>com.nagasumali.stocks.controller.converter.StockDtoConverterTest@6d367020</td></tr>
<tr>
<td title='com.nagasumali.stocks.controller.converter.TradeDtoConverterTest.shouldConvert()'><b>shouldConvert</b><br>Test class: com.nagasumali.stocks.controller.converter.TradeDtoConverterTest</td>
<td></td>
<td>0</td>
<td>com.nagasumali.stocks.controller.converter.TradeDtoConverterTest@72458efc</td></tr>
<tr>
<td title='com.nagasumali.stocks.repository.LocalStockRepositoryTest.shouldDeleteFromRepository()'><b>shouldDeleteFromRepository</b><br>Test class: com.nagasumali.stocks.repository.LocalStockRepositoryTest</td>
<td></td>
<td>0</td>
<td>com.nagasumali.stocks.repository.LocalStockRepositoryTest@72ba28ee</td></tr>
<tr>
<td title='com.nagasumali.stocks.repository.LocalTradeRepositoryTest.shouldDeleteFromRepository()'><b>shouldDeleteFromRepository</b><br>Test class: com.nagasumali.stocks.repository.LocalTradeRepositoryTest</td>
<td></td>
<td>0</td>
<td>com.nagasumali.stocks.repository.LocalTradeRepositoryTest@2e3a5237</td></tr>
<tr>
<td title='com.nagasumali.stocks.controller.converter.StockDtoConverterTest.shouldFailWhenTypeIsInvalid()'><b>shouldFailWhenTypeIsInvalid</b><br>Test class: com.nagasumali.stocks.controller.converter.StockDtoConverterTest</td>
<td><div><pre>java.lang.IllegalArgumentException: No enum constant com.nagasumali.stocks.domain.StockType.INVALID
	at java.lang.Enum.valueOf(Enum.java:238)
	at com.nagasumali.stocks.domain.StockType.valueOf(StockType.java:6)
	at com.nagasumali.stocks.controller.converter.StockDtoConverter.apply(StockDtoConverter.java:18)
	at com.nagasumali.stocks.controller.converter.StockDtoConverterTest.shouldFailWhenTypeIsInvalid(StockDtoConverterTest.java:40)
... Removed 28 stack frames</pre></div><a href='#' onClick='toggleBox("stack-trace284123040", this, "Click to show all stack frames", "Click to hide stack frames")'>Click to show all stack frames</a>
<div class='stack-trace' id='stack-trace284123040'><pre>java.lang.IllegalArgumentException: No enum constant com.nagasumali.stocks.domain.StockType.INVALID
	at java.lang.Enum.valueOf(Enum.java:238)
	at com.nagasumali.stocks.domain.StockType.valueOf(StockType.java:6)
	at com.nagasumali.stocks.controller.converter.StockDtoConverter.apply(StockDtoConverter.java:18)
	at com.nagasumali.stocks.controller.converter.StockDtoConverterTest.shouldFailWhenTypeIsInvalid(StockDtoConverterTest.java:40)
	at sun.reflect.NativeMethodAccessorImpl.invoke0(Native Method)
	at sun.reflect.NativeMethodAccessorImpl.invoke(NativeMethodAccessorImpl.java:62)
	at sun.reflect.DelegatingMethodAccessorImpl.invoke(DelegatingMethodAccessorImpl.java:43)
	at java.lang.reflect.Method.invoke(Method.java:498)
	at org.testng.internal.MethodInvocationHelper.invokeMethod(MethodInvocationHelper.java:85)
	at org.testng.internal.Invoker.invokeMethod(Invoker.java:639)
	at org.testng.internal.Invoker.invokeTestMethod(Invoker.java:821)
	at org.testng.internal.Invoker.invokeTestMethods(Invoker.java:1131)
	at org.testng.internal.TestMethodWorker.invokeTestMethods(TestMethodWorker.java:124)
	at org.testng.internal.TestMethodWorker.run(TestMethodWorker.java:108)
	at org.testng.TestRunner.privateRun(TestRunner.java:773)
	at org.testng.TestRunner.run(TestRunner.java:623)
	at org.testng.SuiteRunner.runTest(SuiteRunner.java:357)
	at org.testng.SuiteRunner.runSequentially(SuiteRunner.java:352)
	at org.testng.SuiteRunner.privateRun(SuiteRunner.java:310)
	at org.testng.SuiteRunner.run(SuiteRunner.java:259)
	at org.testng.SuiteRunnerWorker.runSuite(SuiteRunnerWorker.java:52)
	at org.testng.SuiteRunnerWorker.run(SuiteRunnerWorker.java:86)
	at org.testng.TestNG.runSuitesSequentially(TestNG.java:1185)
	at org.testng.TestNG.runSuitesLocally(TestNG.java:1110)
	at org.testng.TestNG.run(TestNG.java:1018)
	at org.apache.maven.surefire.testng.TestNGExecutor.run(TestNGExecutor.java:132)
	at org.apache.maven.surefire.testng.TestNGDirectoryTestSuite.executeMulti(TestNGDirectoryTestSuite.java:224)
	at org.apache.maven.surefire.testng.TestNGDirectoryTestSuite.execute(TestNGDirectoryTestSuite.java:113)
	at org.apache.maven.surefire.testng.TestNGProvider.invoke(TestNGProvider.java:146)
	at org.apache.maven.surefire.booter.ForkedBooter.invokeProviderInSameClassLoader(ForkedBooter.java:286)
	at org.apache.maven.surefire.booter.ForkedBooter.runSuitesInProcess(ForkedBooter.java:240)
	at org.apache.maven.surefire.booter.ForkedBooter.main(ForkedBooter.java:121)
</pre></div></td>
<td>0</td>
<td>com.nagasumali.stocks.controller.converter.StockDtoConverterTest@6d367020</td></tr>
<tr>
<td title='com.nagasumali.stocks.domain.StockTest.shouldFailWithEmptySymbol()'><b>shouldFailWithEmptySymbol</b><br>Test class: com.nagasumali.stocks.domain.StockTest</td>
<td><div><pre>java.lang.IllegalArgumentException: stock symbol is mandatory
	at com.google.common.base.Preconditions.checkArgument(Preconditions.java:122)
	at com.nagasumali.stocks.domain.Stock.&lt;init&gt;(Stock.java:24)
	at com.nagasumali.stocks.makers.StockMaker.lambda$static$0(StockMaker.java:24)
	at com.natpryce.makeiteasy.Maker.make(Maker.java:53)
	at com.natpryce.makeiteasy.Maker.value(Maker.java:58)
	at com.natpryce.makeiteasy.MakeItEasy.make(MakeItEasy.java:52)
	at com.nagasumali.stocks.domain.StockTest.shouldFailWithEmptySymbol(StockTest.java:75)
... Removed 28 stack frames</pre></div><a href='#' onClick='toggleBox("stack-trace280395604", this, "Click to show all stack frames", "Click to hide stack frames")'>Click to show all stack frames</a>
<div class='stack-trace' id='stack-trace280395604'><pre>java.lang.IllegalArgumentException: stock symbol is mandatory
	at com.google.common.base.Preconditions.checkArgument(Preconditions.java:122)
	at com.nagasumali.stocks.domain.Stock.&lt;init&gt;(Stock.java:24)
	at com.nagasumali.stocks.makers.StockMaker.lambda$static$0(StockMaker.java:24)
	at com.natpryce.makeiteasy.Maker.make(Maker.java:53)
	at com.natpryce.makeiteasy.Maker.value(Maker.java:58)
	at com.natpryce.makeiteasy.MakeItEasy.make(MakeItEasy.java:52)
	at com.nagasumali.stocks.domain.StockTest.shouldFailWithEmptySymbol(StockTest.java:75)
	at sun.reflect.NativeMethodAccessorImpl.invoke0(Native Method)
	at sun.reflect.NativeMethodAccessorImpl.invoke(NativeMethodAccessorImpl.java:62)
	at sun.reflect.DelegatingMethodAccessorImpl.invoke(DelegatingMethodAccessorImpl.java:43)
	at java.lang.reflect.Method.invoke(Method.java:498)
	at org.testng.internal.MethodInvocationHelper.invokeMethod(MethodInvocationHelper.java:85)
	at org.testng.internal.Invoker.invokeMethod(Invoker.java:639)
	at org.testng.internal.Invoker.invokeTestMethod(Invoker.java:821)
	at org.testng.internal.Invoker.invokeTestMethods(Invoker.java:1131)
	at org.testng.internal.TestMethodWorker.invokeTestMethods(TestMethodWorker.java:124)
	at org.testng.internal.TestMethodWorker.run(TestMethodWorker.java:108)
	at org.testng.TestRunner.privateRun(TestRunner.java:773)
	at org.testng.TestRunner.run(TestRunner.java:623)
	at org.testng.SuiteRunner.runTest(SuiteRunner.java:357)
	at org.testng.SuiteRunner.runSequentially(SuiteRunner.java:352)
	at org.testng.SuiteRunner.privateRun(SuiteRunner.java:310)
	at org.testng.SuiteRunner.run(SuiteRunner.java:259)
	at org.testng.SuiteRunnerWorker.runSuite(SuiteRunnerWorker.java:52)
	at org.testng.SuiteRunnerWorker.run(SuiteRunnerWorker.java:86)
	at org.testng.TestNG.runSuitesSequentially(TestNG.java:1185)
	at org.testng.TestNG.runSuitesLocally(TestNG.java:1110)
	at org.testng.TestNG.run(TestNG.java:1018)
	at org.apache.maven.surefire.testng.TestNGExecutor.run(TestNGExecutor.java:132)
	at org.apache.maven.surefire.testng.TestNGDirectoryTestSuite.executeMulti(TestNGDirectoryTestSuite.java:224)
	at org.apache.maven.surefire.testng.TestNGDirectoryTestSuite.execute(TestNGDirectoryTestSuite.java:113)
	at org.apache.maven.surefire.testng.TestNGProvider.invoke(TestNGProvider.java:146)
	at org.apache.maven.surefire.booter.ForkedBooter.invokeProviderInSameClassLoader(ForkedBooter.java:286)
	at org.apache.maven.surefire.booter.ForkedBooter.runSuitesInProcess(ForkedBooter.java:240)
	at org.apache.maven.surefire.booter.ForkedBooter.main(ForkedBooter.java:121)
</pre></div></td>
<td>0</td>
<td>com.nagasumali.stocks.domain.StockTest@6a714237</td></tr>
<tr>
<td title='com.nagasumali.stocks.domain.StockTest.shouldFailWithFixedDividendGreaterThanUnit()'><b>shouldFailWithFixedDividendGreaterThanUnit</b><br>Test class: com.nagasumali.stocks.domain.StockTest</td>
<td><div><pre>java.lang.IllegalArgumentException: fixed dividend should be between 0 and 1
	at com.google.common.base.Preconditions.checkArgument(Preconditions.java:122)
	at com.nagasumali.stocks.domain.Stock.&lt;init&gt;(Stock.java:27)
	at com.nagasumali.stocks.makers.StockMaker.lambda$static$0(StockMaker.java:24)
	at com.natpryce.makeiteasy.Maker.make(Maker.java:53)
	at com.natpryce.makeiteasy.Maker.value(Maker.java:58)
	at com.natpryce.makeiteasy.MakeItEasy.make(MakeItEasy.java:52)
	at com.nagasumali.stocks.domain.StockTest.shouldFailWithFixedDividendGreaterThanUnit(StockTest.java:110)
... Removed 28 stack frames</pre></div><a href='#' onClick='toggleBox("stack-trace1163764792", this, "Click to show all stack frames", "Click to hide stack frames")'>Click to show all stack frames</a>
<div class='stack-trace' id='stack-trace1163764792'><pre>java.lang.IllegalArgumentException: fixed dividend should be between 0 and 1
	at com.google.common.base.Preconditions.checkArgument(Preconditions.java:122)
	at com.nagasumali.stocks.domain.Stock.&lt;init&gt;(Stock.java:27)
	at com.nagasumali.stocks.makers.StockMaker.lambda$static$0(StockMaker.java:24)
	at com.natpryce.makeiteasy.Maker.make(Maker.java:53)
	at com.natpryce.makeiteasy.Maker.value(Maker.java:58)
	at com.natpryce.makeiteasy.MakeItEasy.make(MakeItEasy.java:52)
	at com.nagasumali.stocks.domain.StockTest.shouldFailWithFixedDividendGreaterThanUnit(StockTest.java:110)
	at sun.reflect.NativeMethodAccessorImpl.invoke0(Native Method)
	at sun.reflect.NativeMethodAccessorImpl.invoke(NativeMethodAccessorImpl.java:62)
	at sun.reflect.DelegatingMethodAccessorImpl.invoke(DelegatingMethodAccessorImpl.java:43)
	at java.lang.reflect.Method.invoke(Method.java:498)
	at org.testng.internal.MethodInvocationHelper.invokeMethod(MethodInvocationHelper.java:85)
	at org.testng.internal.Invoker.invokeMethod(Invoker.java:639)
	at org.testng.internal.Invoker.invokeTestMethod(Invoker.java:821)
	at org.testng.internal.Invoker.invokeTestMethods(Invoker.java:1131)
	at org.testng.internal.TestMethodWorker.invokeTestMethods(TestMethodWorker.java:124)
	at org.testng.internal.TestMethodWorker.run(TestMethodWorker.java:108)
	at org.testng.TestRunner.privateRun(TestRunner.java:773)
	at org.testng.TestRunner.run(TestRunner.java:623)
	at org.testng.SuiteRunner.runTest(SuiteRunner.java:357)
	at org.testng.SuiteRunner.runSequentially(SuiteRunner.java:352)
	at org.testng.SuiteRunner.privateRun(SuiteRunner.java:310)
	at org.testng.SuiteRunner.run(SuiteRunner.java:259)
	at org.testng.SuiteRunnerWorker.runSuite(SuiteRunnerWorker.java:52)
	at org.testng.SuiteRunnerWorker.run(SuiteRunnerWorker.java:86)
	at org.testng.TestNG.runSuitesSequentially(TestNG.java:1185)
	at org.testng.TestNG.runSuitesLocally(TestNG.java:1110)
	at org.testng.TestNG.run(TestNG.java:1018)
	at org.apache.maven.surefire.testng.TestNGExecutor.run(TestNGExecutor.java:132)
	at org.apache.maven.surefire.testng.TestNGDirectoryTestSuite.executeMulti(TestNGDirectoryTestSuite.java:224)
	at org.apache.maven.surefire.testng.TestNGDirectoryTestSuite.execute(TestNGDirectoryTestSuite.java:113)
	at org.apache.maven.surefire.testng.TestNGProvider.invoke(TestNGProvider.java:146)
	at org.apache.maven.surefire.booter.ForkedBooter.invokeProviderInSameClassLoader(ForkedBooter.java:286)
	at org.apache.maven.surefire.booter.ForkedBooter.runSuitesInProcess(ForkedBooter.java:240)
	at org.apache.maven.surefire.booter.ForkedBooter.main(ForkedBooter.java:121)
</pre></div></td>
<td>0</td>
<td>com.nagasumali.stocks.domain.StockTest@6a714237</td></tr>
<tr>
<td title='com.nagasumali.stocks.domain.StockTest.shouldFailWithNegativeFixedDividend()'><b>shouldFailWithNegativeFixedDividend</b><br>Test class: com.nagasumali.stocks.domain.StockTest</td>
<td><div><pre>java.lang.IllegalArgumentException: fixed dividend should be between 0 and 1
	at com.google.common.base.Preconditions.checkArgument(Preconditions.java:122)
	at com.nagasumali.stocks.domain.Stock.&lt;init&gt;(Stock.java:27)
	at com.nagasumali.stocks.makers.StockMaker.lambda$static$0(StockMaker.java:24)
	at com.natpryce.makeiteasy.Maker.make(Maker.java:53)
	at com.natpryce.makeiteasy.Maker.value(Maker.java:58)
	at com.natpryce.makeiteasy.MakeItEasy.make(MakeItEasy.java:52)
	at com.nagasumali.stocks.domain.StockTest.shouldFailWithNegativeFixedDividend(StockTest.java:103)
... Removed 28 stack frames</pre></div><a href='#' onClick='toggleBox("stack-trace1133161119", this, "Click to show all stack frames", "Click to hide stack frames")'>Click to show all stack frames</a>
<div class='stack-trace' id='stack-trace1133161119'><pre>java.lang.IllegalArgumentException: fixed dividend should be between 0 and 1
	at com.google.common.base.Preconditions.checkArgument(Preconditions.java:122)
	at com.nagasumali.stocks.domain.Stock.&lt;init&gt;(Stock.java:27)
	at com.nagasumali.stocks.makers.StockMaker.lambda$static$0(StockMaker.java:24)
	at com.natpryce.makeiteasy.Maker.make(Maker.java:53)
	at com.natpryce.makeiteasy.Maker.value(Maker.java:58)
	at com.natpryce.makeiteasy.MakeItEasy.make(MakeItEasy.java:52)
	at com.nagasumali.stocks.domain.StockTest.shouldFailWithNegativeFixedDividend(StockTest.java:103)
	at sun.reflect.NativeMethodAccessorImpl.invoke0(Native Method)
	at sun.reflect.NativeMethodAccessorImpl.invoke(NativeMethodAccessorImpl.java:62)
	at sun.reflect.DelegatingMethodAccessorImpl.invoke(DelegatingMethodAccessorImpl.java:43)
	at java.lang.reflect.Method.invoke(Method.java:498)
	at org.testng.internal.MethodInvocationHelper.invokeMethod(MethodInvocationHelper.java:85)
	at org.testng.internal.Invoker.invokeMethod(Invoker.java:639)
	at org.testng.internal.Invoker.invokeTestMethod(Invoker.java:821)
	at org.testng.internal.Invoker.invokeTestMethods(Invoker.java:1131)
	at org.testng.internal.TestMethodWorker.invokeTestMethods(TestMethodWorker.java:124)
	at org.testng.internal.TestMethodWorker.run(TestMethodWorker.java:108)
	at org.testng.TestRunner.privateRun(TestRunner.java:773)
	at org.testng.TestRunner.run(TestRunner.java:623)
	at org.testng.SuiteRunner.runTest(SuiteRunner.java:357)
	at org.testng.SuiteRunner.runSequentially(SuiteRunner.java:352)
	at org.testng.SuiteRunner.privateRun(SuiteRunner.java:310)
	at org.testng.SuiteRunner.run(SuiteRunner.java:259)
	at org.testng.SuiteRunnerWorker.runSuite(SuiteRunnerWorker.java:52)
	at org.testng.SuiteRunnerWorker.run(SuiteRunnerWorker.java:86)
	at org.testng.TestNG.runSuitesSequentially(TestNG.java:1185)
	at org.testng.TestNG.runSuitesLocally(TestNG.java:1110)
	at org.testng.TestNG.run(TestNG.java:1018)
	at org.apache.maven.surefire.testng.TestNGExecutor.run(TestNGExecutor.java:132)
	at org.apache.maven.surefire.testng.TestNGDirectoryTestSuite.executeMulti(TestNGDirectoryTestSuite.java:224)
	at org.apache.maven.surefire.testng.TestNGDirectoryTestSuite.execute(TestNGDirectoryTestSuite.java:113)
	at org.apache.maven.surefire.testng.TestNGProvider.invoke(TestNGProvider.java:146)
	at org.apache.maven.surefire.booter.ForkedBooter.invokeProviderInSameClassLoader(ForkedBooter.java:286)
	at org.apache.maven.surefire.booter.ForkedBooter.runSuitesInProcess(ForkedBooter.java:240)
	at org.apache.maven.surefire.booter.ForkedBooter.main(ForkedBooter.java:121)
</pre></div></td>
<td>0</td>
<td>com.nagasumali.stocks.domain.StockTest@6a714237</td></tr>
<tr>
<td title='com.nagasumali.stocks.domain.StockTest.shouldFailWithNegativeLastDividend()'><b>shouldFailWithNegativeLastDividend</b><br>Test class: com.nagasumali.stocks.domain.StockTest</td>
<td><div><pre>java.lang.IllegalArgumentException: last dividend should be &gt;=0
	at com.google.common.base.Preconditions.checkArgument(Preconditions.java:122)
	at com.nagasumali.stocks.domain.Stock.&lt;init&gt;(Stock.java:26)
	at com.nagasumali.stocks.makers.StockMaker.lambda$static$0(StockMaker.java:24)
	at com.natpryce.makeiteasy.Maker.make(Maker.java:53)
	at com.natpryce.makeiteasy.Maker.value(Maker.java:58)
	at com.natpryce.makeiteasy.MakeItEasy.make(MakeItEasy.java:52)
	at com.nagasumali.stocks.domain.StockTest.shouldFailWithNegativeLastDividend(StockTest.java:89)
... Removed 28 stack frames</pre></div><a href='#' onClick='toggleBox("stack-trace391308380", this, "Click to show all stack frames", "Click to hide stack frames")'>Click to show all stack frames</a>
<div class='stack-trace' id='stack-trace391308380'><pre>java.lang.IllegalArgumentException: last dividend should be &gt;=0
	at com.google.common.base.Preconditions.checkArgument(Preconditions.java:122)
	at com.nagasumali.stocks.domain.Stock.&lt;init&gt;(Stock.java:26)
	at com.nagasumali.stocks.makers.StockMaker.lambda$static$0(StockMaker.java:24)
	at com.natpryce.makeiteasy.Maker.make(Maker.java:53)
	at com.natpryce.makeiteasy.Maker.value(Maker.java:58)
	at com.natpryce.makeiteasy.MakeItEasy.make(MakeItEasy.java:52)
	at com.nagasumali.stocks.domain.StockTest.shouldFailWithNegativeLastDividend(StockTest.java:89)
	at sun.reflect.NativeMethodAccessorImpl.invoke0(Native Method)
	at sun.reflect.NativeMethodAccessorImpl.invoke(NativeMethodAccessorImpl.java:62)
	at sun.reflect.DelegatingMethodAccessorImpl.invoke(DelegatingMethodAccessorImpl.java:43)
	at java.lang.reflect.Method.invoke(Method.java:498)
	at org.testng.internal.MethodInvocationHelper.invokeMethod(MethodInvocationHelper.java:85)
	at org.testng.internal.Invoker.invokeMethod(Invoker.java:639)
	at org.testng.internal.Invoker.invokeTestMethod(Invoker.java:821)
	at org.testng.internal.Invoker.invokeTestMethods(Invoker.java:1131)
	at org.testng.internal.TestMethodWorker.invokeTestMethods(TestMethodWorker.java:124)
	at org.testng.internal.TestMethodWorker.run(TestMethodWorker.java:108)
	at org.testng.TestRunner.privateRun(TestRunner.java:773)
	at org.testng.TestRunner.run(TestRunner.java:623)
	at org.testng.SuiteRunner.runTest(SuiteRunner.java:357)
	at org.testng.SuiteRunner.runSequentially(SuiteRunner.java:352)
	at org.testng.SuiteRunner.privateRun(SuiteRunner.java:310)
	at org.testng.SuiteRunner.run(SuiteRunner.java:259)
	at org.testng.SuiteRunnerWorker.runSuite(SuiteRunnerWorker.java:52)
	at org.testng.SuiteRunnerWorker.run(SuiteRunnerWorker.java:86)
	at org.testng.TestNG.runSuitesSequentially(TestNG.java:1185)
	at org.testng.TestNG.runSuitesLocally(TestNG.java:1110)
	at org.testng.TestNG.run(TestNG.java:1018)
	at org.apache.maven.surefire.testng.TestNGExecutor.run(TestNGExecutor.java:132)
	at org.apache.maven.surefire.testng.TestNGDirectoryTestSuite.executeMulti(TestNGDirectoryTestSuite.java:224)
	at org.apache.maven.surefire.testng.TestNGDirectoryTestSuite.execute(TestNGDirectoryTestSuite.java:113)
	at org.apache.maven.surefire.testng.TestNGProvider.invoke(TestNGProvider.java:146)
	at org.apache.maven.surefire.booter.ForkedBooter.invokeProviderInSameClassLoader(ForkedBooter.java:286)
	at org.apache.maven.surefire.booter.ForkedBooter.runSuitesInProcess(ForkedBooter.java:240)
	at org.apache.maven.surefire.booter.ForkedBooter.main(ForkedBooter.java:121)
</pre></div></td>
<td>0</td>
<td>com.nagasumali.stocks.domain.StockTest@6a714237</td></tr>
<tr>
<td title='com.nagasumali.stocks.domain.StockTest.shouldFailWithNegativeParValue()'><b>shouldFailWithNegativeParValue</b><br>Test class: com.nagasumali.stocks.domain.StockTest</td>
<td><div><pre>java.lang.IllegalArgumentException: par value should be &gt;=0
	at com.google.common.base.Preconditions.checkArgument(Preconditions.java:122)
	at com.nagasumali.stocks.domain.Stock.&lt;init&gt;(Stock.java:28)
	at com.nagasumali.stocks.makers.StockMaker.lambda$static$0(StockMaker.java:24)
	at com.natpryce.makeiteasy.Maker.make(Maker.java:53)
	at com.natpryce.makeiteasy.Maker.value(Maker.java:58)
	at com.natpryce.makeiteasy.MakeItEasy.make(MakeItEasy.java:52)
	at com.nagasumali.stocks.domain.StockTest.shouldFailWithNegativeParValue(StockTest.java:118)
... Removed 28 stack frames</pre></div><a href='#' onClick='toggleBox("stack-trace1209981276", this, "Click to show all stack frames", "Click to hide stack frames")'>Click to show all stack frames</a>
<div class='stack-trace' id='stack-trace1209981276'><pre>java.lang.IllegalArgumentException: par value should be &gt;=0
	at com.google.common.base.Preconditions.checkArgument(Preconditions.java:122)
	at com.nagasumali.stocks.domain.Stock.&lt;init&gt;(Stock.java:28)
	at com.nagasumali.stocks.makers.StockMaker.lambda$static$0(StockMaker.java:24)
	at com.natpryce.makeiteasy.Maker.make(Maker.java:53)
	at com.natpryce.makeiteasy.Maker.value(Maker.java:58)
	at com.natpryce.makeiteasy.MakeItEasy.make(MakeItEasy.java:52)
	at com.nagasumali.stocks.domain.StockTest.shouldFailWithNegativeParValue(StockTest.java:118)
	at sun.reflect.NativeMethodAccessorImpl.invoke0(Native Method)
	at sun.reflect.NativeMethodAccessorImpl.invoke(NativeMethodAccessorImpl.java:62)
	at sun.reflect.DelegatingMethodAccessorImpl.invoke(DelegatingMethodAccessorImpl.java:43)
	at java.lang.reflect.Method.invoke(Method.java:498)
	at org.testng.internal.MethodInvocationHelper.invokeMethod(MethodInvocationHelper.java:85)
	at org.testng.internal.Invoker.invokeMethod(Invoker.java:639)
	at org.testng.internal.Invoker.invokeTestMethod(Invoker.java:821)
	at org.testng.internal.Invoker.invokeTestMethods(Invoker.java:1131)
	at org.testng.internal.TestMethodWorker.invokeTestMethods(TestMethodWorker.java:124)
	at org.testng.internal.TestMethodWorker.run(TestMethodWorker.java:108)
	at org.testng.TestRunner.privateRun(TestRunner.java:773)
	at org.testng.TestRunner.run(TestRunner.java:623)
	at org.testng.SuiteRunner.runTest(SuiteRunner.java:357)
	at org.testng.SuiteRunner.runSequentially(SuiteRunner.java:352)
	at org.testng.SuiteRunner.privateRun(SuiteRunner.java:310)
	at org.testng.SuiteRunner.run(SuiteRunner.java:259)
	at org.testng.SuiteRunnerWorker.runSuite(SuiteRunnerWorker.java:52)
	at org.testng.SuiteRunnerWorker.run(SuiteRunnerWorker.java:86)
	at org.testng.TestNG.runSuitesSequentially(TestNG.java:1185)
	at org.testng.TestNG.runSuitesLocally(TestNG.java:1110)
	at org.testng.TestNG.run(TestNG.java:1018)
	at org.apache.maven.surefire.testng.TestNGExecutor.run(TestNGExecutor.java:132)
	at org.apache.maven.surefire.testng.TestNGDirectoryTestSuite.executeMulti(TestNGDirectoryTestSuite.java:224)
	at org.apache.maven.surefire.testng.TestNGDirectoryTestSuite.execute(TestNGDirectoryTestSuite.java:113)
	at org.apache.maven.surefire.testng.TestNGProvider.invoke(TestNGProvider.java:146)
	at org.apache.maven.surefire.booter.ForkedBooter.invokeProviderInSameClassLoader(ForkedBooter.java:286)
	at org.apache.maven.surefire.booter.ForkedBooter.runSuitesInProcess(ForkedBooter.java:240)
	at org.apache.maven.surefire.booter.ForkedBooter.main(ForkedBooter.java:121)
</pre></div></td>
<td>0</td>
<td>com.nagasumali.stocks.domain.StockTest@6a714237</td></tr>
<tr>
<td title='com.nagasumali.stocks.domain.StockTest.shouldFailWithNegativeTickerPrice()'><b>shouldFailWithNegativeTickerPrice</b><br>Test class: com.nagasumali.stocks.domain.StockTest</td>
<td><div><pre>java.lang.IllegalArgumentException: ticker price should be &gt;=0
	at com.google.common.base.Preconditions.checkArgument(Preconditions.java:122)
	at com.nagasumali.stocks.domain.Stock.&lt;init&gt;(Stock.java:29)
	at com.nagasumali.stocks.makers.StockMaker.lambda$static$0(StockMaker.java:24)
	at com.natpryce.makeiteasy.Maker.make(Maker.java:53)
	at com.natpryce.makeiteasy.Maker.value(Maker.java:58)
	at com.natpryce.makeiteasy.MakeItEasy.make(MakeItEasy.java:52)
	at com.nagasumali.stocks.domain.StockTest.shouldFailWithNegativeTickerPrice(StockTest.java:96)
... Removed 28 stack frames</pre></div><a href='#' onClick='toggleBox("stack-trace1086262805", this, "Click to show all stack frames", "Click to hide stack frames")'>Click to show all stack frames</a>
<div class='stack-trace' id='stack-trace1086262805'><pre>java.lang.IllegalArgumentException: ticker price should be &gt;=0
	at com.google.common.base.Preconditions.checkArgument(Preconditions.java:122)
	at com.nagasumali.stocks.domain.Stock.&lt;init&gt;(Stock.java:29)
	at com.nagasumali.stocks.makers.StockMaker.lambda$static$0(StockMaker.java:24)
	at com.natpryce.makeiteasy.Maker.make(Maker.java:53)
	at com.natpryce.makeiteasy.Maker.value(Maker.java:58)
	at com.natpryce.makeiteasy.MakeItEasy.make(MakeItEasy.java:52)
	at com.nagasumali.stocks.domain.StockTest.shouldFailWithNegativeTickerPrice(StockTest.java:96)
	at sun.reflect.NativeMethodAccessorImpl.invoke0(Native Method)
	at sun.reflect.NativeMethodAccessorImpl.invoke(NativeMethodAccessorImpl.java:62)
	at sun.reflect.DelegatingMethodAccessorImpl.invoke(DelegatingMethodAccessorImpl.java:43)
	at java.lang.reflect.Method.invoke(Method.java:498)
	at org.testng.internal.MethodInvocationHelper.invokeMethod(MethodInvocationHelper.java:85)
	at org.testng.internal.Invoker.invokeMethod(Invoker.java:639)
	at org.testng.internal.Invoker.invokeTestMethod(Invoker.java:821)
	at org.testng.internal.Invoker.invokeTestMethods(Invoker.java:1131)
	at org.testng.internal.TestMethodWorker.invokeTestMethods(TestMethodWorker.java:124)
	at org.testng.internal.TestMethodWorker.run(TestMethodWorker.java:108)
	at org.testng.TestRunner.privateRun(TestRunner.java:773)
	at org.testng.TestRunner.run(TestRunner.java:623)
	at org.testng.SuiteRunner.runTest(SuiteRunner.java:357)
	at org.testng.SuiteRunner.runSequentially(SuiteRunner.java:352)
	at org.testng.SuiteRunner.privateRun(SuiteRunner.java:310)
	at org.testng.SuiteRunner.run(SuiteRunner.java:259)
	at org.testng.SuiteRunnerWorker.runSuite(SuiteRunnerWorker.java:52)
	at org.testng.SuiteRunnerWorker.run(SuiteRunnerWorker.java:86)
	at org.testng.TestNG.runSuitesSequentially(TestNG.java:1185)
	at org.testng.TestNG.runSuitesLocally(TestNG.java:1110)
	at org.testng.TestNG.run(TestNG.java:1018)
	at org.apache.maven.surefire.testng.TestNGExecutor.run(TestNGExecutor.java:132)
	at org.apache.maven.surefire.testng.TestNGDirectoryTestSuite.executeMulti(TestNGDirectoryTestSuite.java:224)
	at org.apache.maven.surefire.testng.TestNGDirectoryTestSuite.execute(TestNGDirectoryTestSuite.java:113)
	at org.apache.maven.surefire.testng.TestNGProvider.invoke(TestNGProvider.java:146)
	at org.apache.maven.surefire.booter.ForkedBooter.invokeProviderInSameClassLoader(ForkedBooter.java:286)
	at org.apache.maven.surefire.booter.ForkedBooter.runSuitesInProcess(ForkedBooter.java:240)
	at org.apache.maven.surefire.booter.ForkedBooter.main(ForkedBooter.java:121)
</pre></div></td>
<td>0</td>
<td>com.nagasumali.stocks.domain.StockTest@6a714237</td></tr>
<tr>
<td title='com.nagasumali.stocks.domain.StockTest.shouldFailWithNullSymbol()'><b>shouldFailWithNullSymbol</b><br>Test class: com.nagasumali.stocks.domain.StockTest</td>
<td><div><pre>java.lang.IllegalArgumentException: stock symbol is mandatory
	at com.google.common.base.Preconditions.checkArgument(Preconditions.java:122)
	at com.nagasumali.stocks.domain.Stock.&lt;init&gt;(Stock.java:24)
	at com.nagasumali.stocks.makers.StockMaker.lambda$static$0(StockMaker.java:24)
	at com.natpryce.makeiteasy.Maker.make(Maker.java:53)
	at com.natpryce.makeiteasy.Maker.value(Maker.java:58)
	at com.natpryce.makeiteasy.MakeItEasy.make(MakeItEasy.java:52)
	at com.nagasumali.stocks.domain.StockTest.shouldFailWithNullSymbol(StockTest.java:68)
... Removed 28 stack frames</pre></div><a href='#' onClick='toggleBox("stack-trace303946916", this, "Click to show all stack frames", "Click to hide stack frames")'>Click to show all stack frames</a>
<div class='stack-trace' id='stack-trace303946916'><pre>java.lang.IllegalArgumentException: stock symbol is mandatory
	at com.google.common.base.Preconditions.checkArgument(Preconditions.java:122)
	at com.nagasumali.stocks.domain.Stock.&lt;init&gt;(Stock.java:24)
	at com.nagasumali.stocks.makers.StockMaker.lambda$static$0(StockMaker.java:24)
	at com.natpryce.makeiteasy.Maker.make(Maker.java:53)
	at com.natpryce.makeiteasy.Maker.value(Maker.java:58)
	at com.natpryce.makeiteasy.MakeItEasy.make(MakeItEasy.java:52)
	at com.nagasumali.stocks.domain.StockTest.shouldFailWithNullSymbol(StockTest.java:68)
	at sun.reflect.NativeMethodAccessorImpl.invoke0(Native Method)
	at sun.reflect.NativeMethodAccessorImpl.invoke(NativeMethodAccessorImpl.java:62)
	at sun.reflect.DelegatingMethodAccessorImpl.invoke(DelegatingMethodAccessorImpl.java:43)
	at java.lang.reflect.Method.invoke(Method.java:498)
	at org.testng.internal.MethodInvocationHelper.invokeMethod(MethodInvocationHelper.java:85)
	at org.testng.internal.Invoker.invokeMethod(Invoker.java:639)
	at org.testng.internal.Invoker.invokeTestMethod(Invoker.java:821)
	at org.testng.internal.Invoker.invokeTestMethods(Invoker.java:1131)
	at org.testng.internal.TestMethodWorker.invokeTestMethods(TestMethodWorker.java:124)
	at org.testng.internal.TestMethodWorker.run(TestMethodWorker.java:108)
	at org.testng.TestRunner.privateRun(TestRunner.java:773)
	at org.testng.TestRunner.run(TestRunner.java:623)
	at org.testng.SuiteRunner.runTest(SuiteRunner.java:357)
	at org.testng.SuiteRunner.runSequentially(SuiteRunner.java:352)
	at org.testng.SuiteRunner.privateRun(SuiteRunner.java:310)
	at org.testng.SuiteRunner.run(SuiteRunner.java:259)
	at org.testng.SuiteRunnerWorker.runSuite(SuiteRunnerWorker.java:52)
	at org.testng.SuiteRunnerWorker.run(SuiteRunnerWorker.java:86)
	at org.testng.TestNG.runSuitesSequentially(TestNG.java:1185)
	at org.testng.TestNG.runSuitesLocally(TestNG.java:1110)
	at org.testng.TestNG.run(TestNG.java:1018)
	at org.apache.maven.surefire.testng.TestNGExecutor.run(TestNGExecutor.java:132)
	at org.apache.maven.surefire.testng.TestNGDirectoryTestSuite.executeMulti(TestNGDirectoryTestSuite.java:224)
	at org.apache.maven.surefire.testng.TestNGDirectoryTestSuite.execute(TestNGDirectoryTestSuite.java:113)
	at org.apache.maven.surefire.testng.TestNGProvider.invoke(TestNGProvider.java:146)
	at org.apache.maven.surefire.booter.ForkedBooter.invokeProviderInSameClassLoader(ForkedBooter.java:286)
	at org.apache.maven.surefire.booter.ForkedBooter.runSuitesInProcess(ForkedBooter.java:240)
	at org.apache.maven.surefire.booter.ForkedBooter.main(ForkedBooter.java:121)
</pre></div></td>
<td>0</td>
<td>com.nagasumali.stocks.domain.StockTest@6a714237</td></tr>
<tr>
<td title='com.nagasumali.stocks.domain.StockTest.shouldFailWithNullType()'><b>shouldFailWithNullType</b><br>Test class: com.nagasumali.stocks.domain.StockTest</td>
<td><div><pre>java.lang.IllegalArgumentException: stock type is mandatory
	at com.google.common.base.Preconditions.checkArgument(Preconditions.java:122)
	at com.nagasumali.stocks.domain.Stock.&lt;init&gt;(Stock.java:25)
	at com.nagasumali.stocks.makers.StockMaker.lambda$static$0(StockMaker.java:24)
	at com.natpryce.makeiteasy.Maker.make(Maker.java:53)
	at com.natpryce.makeiteasy.Maker.value(Maker.java:58)
	at com.natpryce.makeiteasy.MakeItEasy.make(MakeItEasy.java:52)
	at com.nagasumali.stocks.domain.StockTest.shouldFailWithNullType(StockTest.java:82)
... Removed 28 stack frames</pre></div><a href='#' onClick='toggleBox("stack-trace294436333", this, "Click to show all stack frames", "Click to hide stack frames")'>Click to show all stack frames</a>
<div class='stack-trace' id='stack-trace294436333'><pre>java.lang.IllegalArgumentException: stock type is mandatory
	at com.google.common.base.Preconditions.checkArgument(Preconditions.java:122)
	at com.nagasumali.stocks.domain.Stock.&lt;init&gt;(Stock.java:25)
	at com.nagasumali.stocks.makers.StockMaker.lambda$static$0(StockMaker.java:24)
	at com.natpryce.makeiteasy.Maker.make(Maker.java:53)
	at com.natpryce.makeiteasy.Maker.value(Maker.java:58)
	at com.natpryce.makeiteasy.MakeItEasy.make(MakeItEasy.java:52)
	at com.nagasumali.stocks.domain.StockTest.shouldFailWithNullType(StockTest.java:82)
	at sun.reflect.NativeMethodAccessorImpl.invoke0(Native Method)
	at sun.reflect.NativeMethodAccessorImpl.invoke(NativeMethodAccessorImpl.java:62)
	at sun.reflect.DelegatingMethodAccessorImpl.invoke(DelegatingMethodAccessorImpl.java:43)
	at java.lang.reflect.Method.invoke(Method.java:498)
	at org.testng.internal.MethodInvocationHelper.invokeMethod(MethodInvocationHelper.java:85)
	at org.testng.internal.Invoker.invokeMethod(Invoker.java:639)
	at org.testng.internal.Invoker.invokeTestMethod(Invoker.java:821)
	at org.testng.internal.Invoker.invokeTestMethods(Invoker.java:1131)
	at org.testng.internal.TestMethodWorker.invokeTestMethods(TestMethodWorker.java:124)
	at org.testng.internal.TestMethodWorker.run(TestMethodWorker.java:108)
	at org.testng.TestRunner.privateRun(TestRunner.java:773)
	at org.testng.TestRunner.run(TestRunner.java:623)
	at org.testng.SuiteRunner.runTest(SuiteRunner.java:357)
	at org.testng.SuiteRunner.runSequentially(SuiteRunner.java:352)
	at org.testng.SuiteRunner.privateRun(SuiteRunner.java:310)
	at org.testng.SuiteRunner.run(SuiteRunner.java:259)
	at org.testng.SuiteRunnerWorker.runSuite(SuiteRunnerWorker.java:52)
	at org.testng.SuiteRunnerWorker.run(SuiteRunnerWorker.java:86)
	at org.testng.TestNG.runSuitesSequentially(TestNG.java:1185)
	at org.testng.TestNG.runSuitesLocally(TestNG.java:1110)
	at org.testng.TestNG.run(TestNG.java:1018)
	at org.apache.maven.surefire.testng.TestNGExecutor.run(TestNGExecutor.java:132)
	at org.apache.maven.surefire.testng.TestNGDirectoryTestSuite.executeMulti(TestNGDirectoryTestSuite.java:224)
	at org.apache.maven.surefire.testng.TestNGDirectoryTestSuite.execute(TestNGDirectoryTestSuite.java:113)
	at org.apache.maven.surefire.testng.TestNGProvider.invoke(TestNGProvider.java:146)
	at org.apache.maven.surefire.booter.ForkedBooter.invokeProviderInSameClassLoader(ForkedBooter.java:286)
	at org.apache.maven.surefire.booter.ForkedBooter.runSuitesInProcess(ForkedBooter.java:240)
	at org.apache.maven.surefire.booter.ForkedBooter.main(ForkedBooter.java:121)
</pre></div></td>
<td>0</td>
<td>com.nagasumali.stocks.domain.StockTest@6a714237</td></tr>
<tr>
<td title='com.nagasumali.stocks.repository.LocalStockRepositoryTest.shouldFindAllInRepositoryFromSpec()'><b>shouldFindAllInRepositoryFromSpec</b><br>Test class: com.nagasumali.stocks.repository.LocalStockRepositoryTest</td>
<td></td>
<td>0</td>
<td>com.nagasumali.stocks.repository.LocalStockRepositoryTest@72ba28ee</td></tr>
<tr>
<td title='com.nagasumali.stocks.repository.LocalTradeRepositoryTest.shouldFindAllInRepositoryFromSpec()'><b>shouldFindAllInRepositoryFromSpec</b><br>Test class: com.nagasumali.stocks.repository.LocalTradeRepositoryTest</td>
<td></td>
<td>0</td>
<td>com.nagasumali.stocks.repository.LocalTradeRepositoryTest@2e3a5237</td></tr>
<tr>
<td title='com.nagasumali.stocks.repository.LocalStockRepositoryTest.shouldFindOneInRepositoryFromSpec()'><b>shouldFindOneInRepositoryFromSpec</b><br>Test class: com.nagasumali.stocks.repository.LocalStockRepositoryTest</td>
<td></td>
<td>0</td>
<td>com.nagasumali.stocks.repository.LocalStockRepositoryTest@72ba28ee</td></tr>
<tr>
<td title='com.nagasumali.stocks.repository.LocalTradeRepositoryTest.shouldFindOneInRepositoryFromSpec()'><b>shouldFindOneInRepositoryFromSpec</b><br>Test class: com.nagasumali.stocks.repository.LocalTradeRepositoryTest</td>
<td></td>
<td>0</td>
<td>com.nagasumali.stocks.repository.LocalTradeRepositoryTest@2e3a5237</td></tr>
<tr>
<td title='com.nagasumali.stocks.controller.StockControllerTest.shouldGetDividend()'><b>shouldGetDividend</b><br>Test class: com.nagasumali.stocks.controller.StockControllerTest</td>
<td></td>
<td>0</td>
<td>com.nagasumali.stocks.controller.StockControllerTest@36bc415e</td></tr>
<tr>
<td title='com.nagasumali.stocks.controller.StockControllerTest.shouldGetGBCEAllSharesIndex()'><b>shouldGetGBCEAllSharesIndex</b><br>Test class: com.nagasumali.stocks.controller.StockControllerTest</td>
<td></td>
<td>0</td>
<td>com.nagasumali.stocks.controller.StockControllerTest@36bc415e</td></tr>
<tr>
<td title='com.nagasumali.stocks.controller.StockControllerTest.shouldGetPERatio()'><b>shouldGetPERatio</b><br>Test class: com.nagasumali.stocks.controller.StockControllerTest</td>
<td></td>
<td>0</td>
<td>com.nagasumali.stocks.controller.StockControllerTest@36bc415e</td></tr>
<tr>
<td title='com.nagasumali.stocks.domain.StockTest.shouldGetState()'><b>shouldGetState</b><br>Test class: com.nagasumali.stocks.domain.StockTest</td>
<td></td>
<td>0</td>
<td>com.nagasumali.stocks.domain.StockTest@6a714237</td></tr>
<tr>
<td title='com.nagasumali.stocks.domain.TradeTest.shouldGetState()'><b>shouldGetState</b><br>Test class: com.nagasumali.stocks.domain.TradeTest</td>
<td></td>
<td>0</td>
<td>com.nagasumali.stocks.domain.TradeTest@3e134896</td></tr>
<tr>
<td title='com.nagasumali.stocks.controller.StockControllerTest.shouldGetStock()'><b>shouldGetStock</b><br>Test class: com.nagasumali.stocks.controller.StockControllerTest</td>
<td></td>
<td>0</td>
<td>com.nagasumali.stocks.controller.StockControllerTest@36bc415e</td></tr>
<tr>
<td title='com.nagasumali.stocks.controller.StockControllerTest.shouldGetStockPrice()'><b>shouldGetStockPrice</b><br>Test class: com.nagasumali.stocks.controller.StockControllerTest</td>
<td></td>
<td>0</td>
<td>com.nagasumali.stocks.controller.StockControllerTest@36bc415e</td></tr>
<tr>
<td title='com.nagasumali.stocks.controller.StockControllerTest.shouldPostStock()'><b>shouldPostStock</b><br>Test class: com.nagasumali.stocks.controller.StockControllerTest</td>
<td></td>
<td>0</td>
<td>com.nagasumali.stocks.controller.StockControllerTest@36bc415e</td></tr>
<tr>
<td title='com.nagasumali.stocks.controller.TradeControllerTest.shouldPostTrade()'><b>shouldPostTrade</b><br>Test class: com.nagasumali.stocks.controller.TradeControllerTest</td>
<td></td>
<td>0</td>
<td>com.nagasumali.stocks.controller.TradeControllerTest@349d0836</td></tr>
<tr>
<td title='com.nagasumali.stocks.service.StockServiceImplTest.shouldRecordStock()'><b>shouldRecordStock</b><br>Test class: com.nagasumali.stocks.service.StockServiceImplTest</td>
<td></td>
<td>0</td>
<td>com.nagasumali.stocks.service.StockServiceImplTest@4ebadd3d</td></tr>
<tr>
<td title='com.nagasumali.stocks.service.TradeServiceImplTest.shouldRecordStock()'><b>shouldRecordStock</b><br>Test class: com.nagasumali.stocks.service.TradeServiceImplTest</td>
<td></td>
<td>0</td>
<td>com.nagasumali.stocks.service.TradeServiceImplTest@6ac97b84</td></tr>
<tr>
<td title='com.nagasumali.stocks.controller.StockControllerTest.shouldReturnBadRequestResponseWhenMandatoryFieldsNotPresent()'><b>shouldReturnBadRequestResponseWhenMandatoryFieldsNotPresent</b><br>Test class: com.nagasumali.stocks.controller.StockControllerTest</td>
<td></td>
<td>0</td>
<td>com.nagasumali.stocks.controller.StockControllerTest@36bc415e</td></tr>
<tr>
<td title='com.nagasumali.stocks.controller.TradeControllerTest.shouldReturnBadRequestResponseWhenMandatoryFieldsNotPresent()'><b>shouldReturnBadRequestResponseWhenMandatoryFieldsNotPresent</b><br>Test class: com.nagasumali.stocks.controller.TradeControllerTest</td>
<td></td>
<td>0</td>
<td>com.nagasumali.stocks.controller.TradeControllerTest@349d0836</td></tr>
<tr>
<td title='com.nagasumali.stocks.spec.TradeSpecificationTest.shouldReturnTrueIfDateIntervalIsZero()'><b>shouldReturnTrueIfDateIntervalIsZero</b><br>Test class: com.nagasumali.stocks.spec.TradeSpecificationTest</td>
<td></td>
<td>0</td>
<td>com.nagasumali.stocks.spec.TradeSpecificationTest@35c09b94</td></tr>
<tr>
<td title='com.nagasumali.stocks.repository.LocalStockRepositoryTest.shouldSaveDataToRepository()'><b>shouldSaveDataToRepository</b><br>Test class: com.nagasumali.stocks.repository.LocalStockRepositoryTest</td>
<td></td>
<td>0</td>
<td>com.nagasumali.stocks.repository.LocalStockRepositoryTest@72ba28ee</td></tr>
<tr>
<td title='com.nagasumali.stocks.repository.LocalTradeRepositoryTest.shouldSaveDataToRepository()'><b>shouldSaveDataToRepository</b><br>Test class: com.nagasumali.stocks.repository.LocalTradeRepositoryTest</td>
<td></td>
<td>0</td>
<td>com.nagasumali.stocks.repository.LocalTradeRepositoryTest@2e3a5237</td></tr>
<tr>
<td title='com.nagasumali.stocks.service.StockServiceImplTest.shouldThrowExceptionWhenCalculatingDividendAndStockDoesNotExist()'><b>shouldThrowExceptionWhenCalculatingDividendAndStockDoesNotExist</b><br>Test class: com.nagasumali.stocks.service.StockServiceImplTest</td>
<td><div><pre>com.nagasumali.stocks.service.ServiceException: stock not found
	at com.nagasumali.stocks.service.StockServiceImpl.validateStock(StockServiceImpl.java:98)
	at com.nagasumali.stocks.service.StockServiceImpl.calculateDividendYield(StockServiceImpl.java:44)
	at com.nagasumali.stocks.service.StockServiceImplTest.shouldThrowExceptionWhenCalculatingDividendAndStockDoesNotExist(StockServiceImplTest.java:55)
... Removed 28 stack frames</pre></div><a href='#' onClick='toggleBox("stack-trace1941851357", this, "Click to show all stack frames", "Click to hide stack frames")'>Click to show all stack frames</a>
<div class='stack-trace' id='stack-trace1941851357'><pre>com.nagasumali.stocks.service.ServiceException: stock not found
	at com.nagasumali.stocks.service.StockServiceImpl.validateStock(StockServiceImpl.java:98)
	at com.nagasumali.stocks.service.StockServiceImpl.calculateDividendYield(StockServiceImpl.java:44)
	at com.nagasumali.stocks.service.StockServiceImplTest.shouldThrowExceptionWhenCalculatingDividendAndStockDoesNotExist(StockServiceImplTest.java:55)
	at sun.reflect.NativeMethodAccessorImpl.invoke0(Native Method)
	at sun.reflect.NativeMethodAccessorImpl.invoke(NativeMethodAccessorImpl.java:62)
	at sun.reflect.DelegatingMethodAccessorImpl.invoke(DelegatingMethodAccessorImpl.java:43)
	at java.lang.reflect.Method.invoke(Method.java:498)
	at org.testng.internal.MethodInvocationHelper.invokeMethod(MethodInvocationHelper.java:85)
	at org.testng.internal.Invoker.invokeMethod(Invoker.java:639)
	at org.testng.internal.Invoker.invokeTestMethod(Invoker.java:821)
	at org.testng.internal.Invoker.invokeTestMethods(Invoker.java:1131)
	at org.testng.internal.TestMethodWorker.invokeTestMethods(TestMethodWorker.java:124)
	at org.testng.internal.TestMethodWorker.run(TestMethodWorker.java:108)
	at org.testng.TestRunner.privateRun(TestRunner.java:773)
	at org.testng.TestRunner.run(TestRunner.java:623)
	at org.testng.SuiteRunner.runTest(SuiteRunner.java:357)
	at org.testng.SuiteRunner.runSequentially(SuiteRunner.java:352)
	at org.testng.SuiteRunner.privateRun(SuiteRunner.java:310)
	at org.testng.SuiteRunner.run(SuiteRunner.java:259)
	at org.testng.SuiteRunnerWorker.runSuite(SuiteRunnerWorker.java:52)
	at org.testng.SuiteRunnerWorker.run(SuiteRunnerWorker.java:86)
	at org.testng.TestNG.runSuitesSequentially(TestNG.java:1185)
	at org.testng.TestNG.runSuitesLocally(TestNG.java:1110)
	at org.testng.TestNG.run(TestNG.java:1018)
	at org.apache.maven.surefire.testng.TestNGExecutor.run(TestNGExecutor.java:132)
	at org.apache.maven.surefire.testng.TestNGDirectoryTestSuite.executeMulti(TestNGDirectoryTestSuite.java:224)
	at org.apache.maven.surefire.testng.TestNGDirectoryTestSuite.execute(TestNGDirectoryTestSuite.java:113)
	at org.apache.maven.surefire.testng.TestNGProvider.invoke(TestNGProvider.java:146)
	at org.apache.maven.surefire.booter.ForkedBooter.invokeProviderInSameClassLoader(ForkedBooter.java:286)
	at org.apache.maven.surefire.booter.ForkedBooter.runSuitesInProcess(ForkedBooter.java:240)
	at org.apache.maven.surefire.booter.ForkedBooter.main(ForkedBooter.java:121)
</pre></div></td>
<td>0</td>
<td>com.nagasumali.stocks.service.StockServiceImplTest@4ebadd3d</td></tr>
<tr>
<td title='com.nagasumali.stocks.service.StockServiceImplTest.shouldThrowExceptionWhenCalculatingGBCEAsiAndCannotComputePrice()'><b>shouldThrowExceptionWhenCalculatingGBCEAsiAndCannotComputePrice</b><br>Test class: com.nagasumali.stocks.service.StockServiceImplTest</td>
<td><div><pre>com.nagasumali.stocks.service.ServiceException: trades not found
	at com.nagasumali.stocks.service.StockServiceImpl.calculateStockPriceFromPastMinutes(StockServiceImpl.java:113)
	at com.nagasumali.stocks.service.StockServiceImpl.lambda$calculateGBCEAllSharesIndex$0(StockServiceImpl.java:70)
	at java.util.stream.ReferencePipeline$3$1.accept(ReferencePipeline.java:193)
	at java.util.HashMap$KeySpliterator.forEachRemaining(HashMap.java:1556)
	at java.util.stream.AbstractPipeline.copyInto(AbstractPipeline.java:482)
	at java.util.stream.AbstractPipeline.wrapAndCopyInto(AbstractPipeline.java:472)
	at java.util.stream.AbstractPipeline.evaluate(AbstractPipeline.java:546)
	at java.util.stream.AbstractPipeline.evaluateToArrayNode(AbstractPipeline.java:260)
	at java.util.stream.DoublePipeline.toArray(DoublePipeline.java:508)
	at com.nagasumali.stocks.service.StockServiceImpl.calculateGBCEAllSharesIndex(StockServiceImpl.java:72)
	at com.nagasumali.stocks.service.StockServiceImplTest.shouldThrowExceptionWhenCalculatingGBCEAsiAndCannotComputePrice(StockServiceImplTest.java:159)
... Removed 28 stack frames</pre></div><a href='#' onClick='toggleBox("stack-trace739935529", this, "Click to show all stack frames", "Click to hide stack frames")'>Click to show all stack frames</a>
<div class='stack-trace' id='stack-trace739935529'><pre>com.nagasumali.stocks.service.ServiceException: trades not found
	at com.nagasumali.stocks.service.StockServiceImpl.calculateStockPriceFromPastMinutes(StockServiceImpl.java:113)
	at com.nagasumali.stocks.service.StockServiceImpl.lambda$calculateGBCEAllSharesIndex$0(StockServiceImpl.java:70)
	at java.util.stream.ReferencePipeline$3$1.accept(ReferencePipeline.java:193)
	at java.util.HashMap$KeySpliterator.forEachRemaining(HashMap.java:1556)
	at java.util.stream.AbstractPipeline.copyInto(AbstractPipeline.java:482)
	at java.util.stream.AbstractPipeline.wrapAndCopyInto(AbstractPipeline.java:472)
	at java.util.stream.AbstractPipeline.evaluate(AbstractPipeline.java:546)
	at java.util.stream.AbstractPipeline.evaluateToArrayNode(AbstractPipeline.java:260)
	at java.util.stream.DoublePipeline.toArray(DoublePipeline.java:508)
	at com.nagasumali.stocks.service.StockServiceImpl.calculateGBCEAllSharesIndex(StockServiceImpl.java:72)
	at com.nagasumali.stocks.service.StockServiceImplTest.shouldThrowExceptionWhenCalculatingGBCEAsiAndCannotComputePrice(StockServiceImplTest.java:159)
	at sun.reflect.NativeMethodAccessorImpl.invoke0(Native Method)
	at sun.reflect.NativeMethodAccessorImpl.invoke(NativeMethodAccessorImpl.java:62)
	at sun.reflect.DelegatingMethodAccessorImpl.invoke(DelegatingMethodAccessorImpl.java:43)
	at java.lang.reflect.Method.invoke(Method.java:498)
	at org.testng.internal.MethodInvocationHelper.invokeMethod(MethodInvocationHelper.java:85)
	at org.testng.internal.Invoker.invokeMethod(Invoker.java:639)
	at org.testng.internal.Invoker.invokeTestMethod(Invoker.java:821)
	at org.testng.internal.Invoker.invokeTestMethods(Invoker.java:1131)
	at org.testng.internal.TestMethodWorker.invokeTestMethods(TestMethodWorker.java:124)
	at org.testng.internal.TestMethodWorker.run(TestMethodWorker.java:108)
	at org.testng.TestRunner.privateRun(TestRunner.java:773)
	at org.testng.TestRunner.run(TestRunner.java:623)
	at org.testng.SuiteRunner.runTest(SuiteRunner.java:357)
	at org.testng.SuiteRunner.runSequentially(SuiteRunner.java:352)
	at org.testng.SuiteRunner.privateRun(SuiteRunner.java:310)
	at org.testng.SuiteRunner.run(SuiteRunner.java:259)
	at org.testng.SuiteRunnerWorker.runSuite(SuiteRunnerWorker.java:52)
	at org.testng.SuiteRunnerWorker.run(SuiteRunnerWorker.java:86)
	at org.testng.TestNG.runSuitesSequentially(TestNG.java:1185)
	at org.testng.TestNG.runSuitesLocally(TestNG.java:1110)
	at org.testng.TestNG.run(TestNG.java:1018)
	at org.apache.maven.surefire.testng.TestNGExecutor.run(TestNGExecutor.java:132)
	at org.apache.maven.surefire.testng.TestNGDirectoryTestSuite.executeMulti(TestNGDirectoryTestSuite.java:224)
	at org.apache.maven.surefire.testng.TestNGDirectoryTestSuite.execute(TestNGDirectoryTestSuite.java:113)
	at org.apache.maven.surefire.testng.TestNGProvider.invoke(TestNGProvider.java:146)
	at org.apache.maven.surefire.booter.ForkedBooter.invokeProviderInSameClassLoader(ForkedBooter.java:286)
	at org.apache.maven.surefire.booter.ForkedBooter.runSuitesInProcess(ForkedBooter.java:240)
	at org.apache.maven.surefire.booter.ForkedBooter.main(ForkedBooter.java:121)
</pre></div></td>
<td>0</td>
<td>com.nagasumali.stocks.service.StockServiceImplTest@4ebadd3d</td></tr>
<tr>
<td title='com.nagasumali.stocks.service.StockServiceImplTest.shouldThrowExceptionWhenCalculatingGBCEAsiAndNoStocksFound()'><b>shouldThrowExceptionWhenCalculatingGBCEAsiAndNoStocksFound</b><br>Test class: com.nagasumali.stocks.service.StockServiceImplTest</td>
<td><div><pre>com.nagasumali.stocks.service.ServiceException: no stock found
	at com.nagasumali.stocks.service.StockServiceImpl.calculateGBCEAllSharesIndex(StockServiceImpl.java:65)
	at com.nagasumali.stocks.service.StockServiceImplTest.shouldThrowExceptionWhenCalculatingGBCEAsiAndNoStocksFound(StockServiceImplTest.java:144)
... Removed 28 stack frames</pre></div><a href='#' onClick='toggleBox("stack-trace263969036", this, "Click to show all stack frames", "Click to hide stack frames")'>Click to show all stack frames</a>
<div class='stack-trace' id='stack-trace263969036'><pre>com.nagasumali.stocks.service.ServiceException: no stock found
	at com.nagasumali.stocks.service.StockServiceImpl.calculateGBCEAllSharesIndex(StockServiceImpl.java:65)
	at com.nagasumali.stocks.service.StockServiceImplTest.shouldThrowExceptionWhenCalculatingGBCEAsiAndNoStocksFound(StockServiceImplTest.java:144)
	at sun.reflect.NativeMethodAccessorImpl.invoke0(Native Method)
	at sun.reflect.NativeMethodAccessorImpl.invoke(NativeMethodAccessorImpl.java:62)
	at sun.reflect.DelegatingMethodAccessorImpl.invoke(DelegatingMethodAccessorImpl.java:43)
	at java.lang.reflect.Method.invoke(Method.java:498)
	at org.testng.internal.MethodInvocationHelper.invokeMethod(MethodInvocationHelper.java:85)
	at org.testng.internal.Invoker.invokeMethod(Invoker.java:639)
	at org.testng.internal.Invoker.invokeTestMethod(Invoker.java:821)
	at org.testng.internal.Invoker.invokeTestMethods(Invoker.java:1131)
	at org.testng.internal.TestMethodWorker.invokeTestMethods(TestMethodWorker.java:124)
	at org.testng.internal.TestMethodWorker.run(TestMethodWorker.java:108)
	at org.testng.TestRunner.privateRun(TestRunner.java:773)
	at org.testng.TestRunner.run(TestRunner.java:623)
	at org.testng.SuiteRunner.runTest(SuiteRunner.java:357)
	at org.testng.SuiteRunner.runSequentially(SuiteRunner.java:352)
	at org.testng.SuiteRunner.privateRun(SuiteRunner.java:310)
	at org.testng.SuiteRunner.run(SuiteRunner.java:259)
	at org.testng.SuiteRunnerWorker.runSuite(SuiteRunnerWorker.java:52)
	at org.testng.SuiteRunnerWorker.run(SuiteRunnerWorker.java:86)
	at org.testng.TestNG.runSuitesSequentially(TestNG.java:1185)
	at org.testng.TestNG.runSuitesLocally(TestNG.java:1110)
	at org.testng.TestNG.run(TestNG.java:1018)
	at org.apache.maven.surefire.testng.TestNGExecutor.run(TestNGExecutor.java:132)
	at org.apache.maven.surefire.testng.TestNGDirectoryTestSuite.executeMulti(TestNGDirectoryTestSuite.java:224)
	at org.apache.maven.surefire.testng.TestNGDirectoryTestSuite.execute(TestNGDirectoryTestSuite.java:113)
	at org.apache.maven.surefire.testng.TestNGProvider.invoke(TestNGProvider.java:146)
	at org.apache.maven.surefire.booter.ForkedBooter.invokeProviderInSameClassLoader(ForkedBooter.java:286)
	at org.apache.maven.surefire.booter.ForkedBooter.runSuitesInProcess(ForkedBooter.java:240)
	at org.apache.maven.surefire.booter.ForkedBooter.main(ForkedBooter.java:121)
</pre></div></td>
<td>0</td>
<td>com.nagasumali.stocks.service.StockServiceImplTest@4ebadd3d</td></tr>
<tr>
<td title='com.nagasumali.stocks.service.StockServiceImplTest.shouldThrowExceptionWhenCalculatingPERatioAndStockDoesNotExist()'><b>shouldThrowExceptionWhenCalculatingPERatioAndStockDoesNotExist</b><br>Test class: com.nagasumali.stocks.service.StockServiceImplTest</td>
<td><div><pre>com.nagasumali.stocks.service.ServiceException: stock not found
	at com.nagasumali.stocks.service.StockServiceImpl.validateStock(StockServiceImpl.java:98)
	at com.nagasumali.stocks.service.StockServiceImpl.calculatePERatio(StockServiceImpl.java:50)
	at com.nagasumali.stocks.service.StockServiceImplTest.shouldThrowExceptionWhenCalculatingPERatioAndStockDoesNotExist(StockServiceImplTest.java:73)
... Removed 28 stack frames</pre></div><a href='#' onClick='toggleBox("stack-trace1928481412", this, "Click to show all stack frames", "Click to hide stack frames")'>Click to show all stack frames</a>
<div class='stack-trace' id='stack-trace1928481412'><pre>com.nagasumali.stocks.service.ServiceException: stock not found
	at com.nagasumali.stocks.service.StockServiceImpl.validateStock(StockServiceImpl.java:98)
	at com.nagasumali.stocks.service.StockServiceImpl.calculatePERatio(StockServiceImpl.java:50)
	at com.nagasumali.stocks.service.StockServiceImplTest.shouldThrowExceptionWhenCalculatingPERatioAndStockDoesNotExist(StockServiceImplTest.java:73)
	at sun.reflect.NativeMethodAccessorImpl.invoke0(Native Method)
	at sun.reflect.NativeMethodAccessorImpl.invoke(NativeMethodAccessorImpl.java:62)
	at sun.reflect.DelegatingMethodAccessorImpl.invoke(DelegatingMethodAccessorImpl.java:43)
	at java.lang.reflect.Method.invoke(Method.java:498)
	at org.testng.internal.MethodInvocationHelper.invokeMethod(MethodInvocationHelper.java:85)
	at org.testng.internal.Invoker.invokeMethod(Invoker.java:639)
	at org.testng.internal.Invoker.invokeTestMethod(Invoker.java:821)
	at org.testng.internal.Invoker.invokeTestMethods(Invoker.java:1131)
	at org.testng.internal.TestMethodWorker.invokeTestMethods(TestMethodWorker.java:124)
	at org.testng.internal.TestMethodWorker.run(TestMethodWorker.java:108)
	at org.testng.TestRunner.privateRun(TestRunner.java:773)
	at org.testng.TestRunner.run(TestRunner.java:623)
	at org.testng.SuiteRunner.runTest(SuiteRunner.java:357)
	at org.testng.SuiteRunner.runSequentially(SuiteRunner.java:352)
	at org.testng.SuiteRunner.privateRun(SuiteRunner.java:310)
	at org.testng.SuiteRunner.run(SuiteRunner.java:259)
	at org.testng.SuiteRunnerWorker.runSuite(SuiteRunnerWorker.java:52)
	at org.testng.SuiteRunnerWorker.run(SuiteRunnerWorker.java:86)
	at org.testng.TestNG.runSuitesSequentially(TestNG.java:1185)
	at org.testng.TestNG.runSuitesLocally(TestNG.java:1110)
	at org.testng.TestNG.run(TestNG.java:1018)
	at org.apache.maven.surefire.testng.TestNGExecutor.run(TestNGExecutor.java:132)
	at org.apache.maven.surefire.testng.TestNGDirectoryTestSuite.executeMulti(TestNGDirectoryTestSuite.java:224)
	at org.apache.maven.surefire.testng.TestNGDirectoryTestSuite.execute(TestNGDirectoryTestSuite.java:113)
	at org.apache.maven.surefire.testng.TestNGProvider.invoke(TestNGProvider.java:146)
	at org.apache.maven.surefire.booter.ForkedBooter.invokeProviderInSameClassLoader(ForkedBooter.java:286)
	at org.apache.maven.surefire.booter.ForkedBooter.runSuitesInProcess(ForkedBooter.java:240)
	at org.apache.maven.surefire.booter.ForkedBooter.main(ForkedBooter.java:121)
</pre></div></td>
<td>0</td>
<td>com.nagasumali.stocks.service.StockServiceImplTest@4ebadd3d</td></tr>
<tr>
<td title='com.nagasumali.stocks.service.StockServiceImplTest.shouldThrowExceptionWhenCalculatingStockPriceAndNoTradesFound()'><b>shouldThrowExceptionWhenCalculatingStockPriceAndNoTradesFound</b><br>Test class: com.nagasumali.stocks.service.StockServiceImplTest</td>
<td><div><pre>com.nagasumali.stocks.service.ServiceException: trades not found
	at com.nagasumali.stocks.service.StockServiceImpl.calculateStockPriceFromPastMinutes(StockServiceImpl.java:113)
	at com.nagasumali.stocks.service.StockServiceImplTest.shouldThrowExceptionWhenCalculatingStockPriceAndNoTradesFound(StockServiceImplTest.java:118)
... Removed 28 stack frames</pre></div><a href='#' onClick='toggleBox("stack-trace705126000", this, "Click to show all stack frames", "Click to hide stack frames")'>Click to show all stack frames</a>
<div class='stack-trace' id='stack-trace705126000'><pre>com.nagasumali.stocks.service.ServiceException: trades not found
	at com.nagasumali.stocks.service.StockServiceImpl.calculateStockPriceFromPastMinutes(StockServiceImpl.java:113)
	at com.nagasumali.stocks.service.StockServiceImplTest.shouldThrowExceptionWhenCalculatingStockPriceAndNoTradesFound(StockServiceImplTest.java:118)
	at sun.reflect.NativeMethodAccessorImpl.invoke0(Native Method)
	at sun.reflect.NativeMethodAccessorImpl.invoke(NativeMethodAccessorImpl.java:62)
	at sun.reflect.DelegatingMethodAccessorImpl.invoke(DelegatingMethodAccessorImpl.java:43)
	at java.lang.reflect.Method.invoke(Method.java:498)
	at org.testng.internal.MethodInvocationHelper.invokeMethod(MethodInvocationHelper.java:85)
	at org.testng.internal.Invoker.invokeMethod(Invoker.java:639)
	at org.testng.internal.Invoker.invokeTestMethod(Invoker.java:821)
	at org.testng.internal.Invoker.invokeTestMethods(Invoker.java:1131)
	at org.testng.internal.TestMethodWorker.invokeTestMethods(TestMethodWorker.java:124)
	at org.testng.internal.TestMethodWorker.run(TestMethodWorker.java:108)
	at org.testng.TestRunner.privateRun(TestRunner.java:773)
	at org.testng.TestRunner.run(TestRunner.java:623)
	at org.testng.SuiteRunner.runTest(SuiteRunner.java:357)
	at org.testng.SuiteRunner.runSequentially(SuiteRunner.java:352)
	at org.testng.SuiteRunner.privateRun(SuiteRunner.java:310)
	at org.testng.SuiteRunner.run(SuiteRunner.java:259)
	at org.testng.SuiteRunnerWorker.runSuite(SuiteRunnerWorker.java:52)
	at org.testng.SuiteRunnerWorker.run(SuiteRunnerWorker.java:86)
	at org.testng.TestNG.runSuitesSequentially(TestNG.java:1185)
	at org.testng.TestNG.runSuitesLocally(TestNG.java:1110)
	at org.testng.TestNG.run(TestNG.java:1018)
	at org.apache.maven.surefire.testng.TestNGExecutor.run(TestNGExecutor.java:132)
	at org.apache.maven.surefire.testng.TestNGDirectoryTestSuite.executeMulti(TestNGDirectoryTestSuite.java:224)
	at org.apache.maven.surefire.testng.TestNGDirectoryTestSuite.execute(TestNGDirectoryTestSuite.java:113)
	at org.apache.maven.surefire.testng.TestNGProvider.invoke(TestNGProvider.java:146)
	at org.apache.maven.surefire.booter.ForkedBooter.invokeProviderInSameClassLoader(ForkedBooter.java:286)
	at org.apache.maven.surefire.booter.ForkedBooter.runSuitesInProcess(ForkedBooter.java:240)
	at org.apache.maven.surefire.booter.ForkedBooter.main(ForkedBooter.java:121)
</pre></div></td>
<td>0</td>
<td>com.nagasumali.stocks.service.StockServiceImplTest@4ebadd3d</td></tr>
<tr>
<td title='com.nagasumali.stocks.service.StockServiceImplTest.shouldThrowExceptionWhenCalculatingStockPriceAndQuantitySumIsZero()'><b>shouldThrowExceptionWhenCalculatingStockPriceAndQuantitySumIsZero</b><br>Test class: com.nagasumali.stocks.service.StockServiceImplTest</td>
<td><div><pre>com.nagasumali.stocks.service.ServiceException: quantity sum is zero
	at com.nagasumali.stocks.service.StockServiceImpl.calculateStockPriceFromPastMinutes(StockServiceImpl.java:133)
	at com.nagasumali.stocks.service.StockServiceImplTest.shouldThrowExceptionWhenCalculatingStockPriceAndQuantitySumIsZero(StockServiceImplTest.java:111)
... Removed 28 stack frames</pre></div><a href='#' onClick='toggleBox("stack-trace1401844988", this, "Click to show all stack frames", "Click to hide stack frames")'>Click to show all stack frames</a>
<div class='stack-trace' id='stack-trace1401844988'><pre>com.nagasumali.stocks.service.ServiceException: quantity sum is zero
	at com.nagasumali.stocks.service.StockServiceImpl.calculateStockPriceFromPastMinutes(StockServiceImpl.java:133)
	at com.nagasumali.stocks.service.StockServiceImplTest.shouldThrowExceptionWhenCalculatingStockPriceAndQuantitySumIsZero(StockServiceImplTest.java:111)
	at sun.reflect.NativeMethodAccessorImpl.invoke0(Native Method)
	at sun.reflect.NativeMethodAccessorImpl.invoke(NativeMethodAccessorImpl.java:62)
	at sun.reflect.DelegatingMethodAccessorImpl.invoke(DelegatingMethodAccessorImpl.java:43)
	at java.lang.reflect.Method.invoke(Method.java:498)
	at org.testng.internal.MethodInvocationHelper.invokeMethod(MethodInvocationHelper.java:85)
	at org.testng.internal.Invoker.invokeMethod(Invoker.java:639)
	at org.testng.internal.Invoker.invokeTestMethod(Invoker.java:821)
	at org.testng.internal.Invoker.invokeTestMethods(Invoker.java:1131)
	at org.testng.internal.TestMethodWorker.invokeTestMethods(TestMethodWorker.java:124)
	at org.testng.internal.TestMethodWorker.run(TestMethodWorker.java:108)
	at org.testng.TestRunner.privateRun(TestRunner.java:773)
	at org.testng.TestRunner.run(TestRunner.java:623)
	at org.testng.SuiteRunner.runTest(SuiteRunner.java:357)
	at org.testng.SuiteRunner.runSequentially(SuiteRunner.java:352)
	at org.testng.SuiteRunner.privateRun(SuiteRunner.java:310)
	at org.testng.SuiteRunner.run(SuiteRunner.java:259)
	at org.testng.SuiteRunnerWorker.runSuite(SuiteRunnerWorker.java:52)
	at org.testng.SuiteRunnerWorker.run(SuiteRunnerWorker.java:86)
	at org.testng.TestNG.runSuitesSequentially(TestNG.java:1185)
	at org.testng.TestNG.runSuitesLocally(TestNG.java:1110)
	at org.testng.TestNG.run(TestNG.java:1018)
	at org.apache.maven.surefire.testng.TestNGExecutor.run(TestNGExecutor.java:132)
	at org.apache.maven.surefire.testng.TestNGDirectoryTestSuite.executeMulti(TestNGDirectoryTestSuite.java:224)
	at org.apache.maven.surefire.testng.TestNGDirectoryTestSuite.execute(TestNGDirectoryTestSuite.java:113)
	at org.apache.maven.surefire.testng.TestNGProvider.invoke(TestNGProvider.java:146)
	at org.apache.maven.surefire.booter.ForkedBooter.invokeProviderInSameClassLoader(ForkedBooter.java:286)
	at org.apache.maven.surefire.booter.ForkedBooter.runSuitesInProcess(ForkedBooter.java:240)
	at org.apache.maven.surefire.booter.ForkedBooter.main(ForkedBooter.java:121)
</pre></div></td>
<td>0</td>
<td>com.nagasumali.stocks.service.StockServiceImplTest@4ebadd3d</td></tr>
<tr>
<td title='com.nagasumali.stocks.controller.converter.TradeDtoConverterTest.shouldThrowExceptionWhenConversionFails()'><b>shouldThrowExceptionWhenConversionFails</b><br>Test class: com.nagasumali.stocks.controller.converter.TradeDtoConverterTest</td>
<td><div><pre>java.lang.IllegalArgumentException: No enum constant com.nagasumali.stocks.domain.TradeIndicator.XPTO
	at java.lang.Enum.valueOf(Enum.java:238)
	at com.nagasumali.stocks.domain.TradeIndicator.valueOf(TradeIndicator.java:6)
	at com.nagasumali.stocks.controller.converter.TradeDtoConverter.apply(TradeDtoConverter.java:22)
	at com.nagasumali.stocks.controller.converter.TradeDtoConverterTest.shouldThrowExceptionWhenConversionFails(TradeDtoConverterTest.java:40)
... Removed 28 stack frames</pre></div><a href='#' onClick='toggleBox("stack-trace1350894905", this, "Click to show all stack frames", "Click to hide stack frames")'>Click to show all stack frames</a>
<div class='stack-trace' id='stack-trace1350894905'><pre>java.lang.IllegalArgumentException: No enum constant com.nagasumali.stocks.domain.TradeIndicator.XPTO
	at java.lang.Enum.valueOf(Enum.java:238)
	at com.nagasumali.stocks.domain.TradeIndicator.valueOf(TradeIndicator.java:6)
	at com.nagasumali.stocks.controller.converter.TradeDtoConverter.apply(TradeDtoConverter.java:22)
	at com.nagasumali.stocks.controller.converter.TradeDtoConverterTest.shouldThrowExceptionWhenConversionFails(TradeDtoConverterTest.java:40)
	at sun.reflect.NativeMethodAccessorImpl.invoke0(Native Method)
	at sun.reflect.NativeMethodAccessorImpl.invoke(NativeMethodAccessorImpl.java:62)
	at sun.reflect.DelegatingMethodAccessorImpl.invoke(DelegatingMethodAccessorImpl.java:43)
	at java.lang.reflect.Method.invoke(Method.java:498)
	at org.testng.internal.MethodInvocationHelper.invokeMethod(MethodInvocationHelper.java:85)
	at org.testng.internal.Invoker.invokeMethod(Invoker.java:639)
	at org.testng.internal.Invoker.invokeTestMethod(Invoker.java:821)
	at org.testng.internal.Invoker.invokeTestMethods(Invoker.java:1131)
	at org.testng.internal.TestMethodWorker.invokeTestMethods(TestMethodWorker.java:124)
	at org.testng.internal.TestMethodWorker.run(TestMethodWorker.java:108)
	at org.testng.TestRunner.privateRun(TestRunner.java:773)
	at org.testng.TestRunner.run(TestRunner.java:623)
	at org.testng.SuiteRunner.runTest(SuiteRunner.java:357)
	at org.testng.SuiteRunner.runSequentially(SuiteRunner.java:352)
	at org.testng.SuiteRunner.privateRun(SuiteRunner.java:310)
	at org.testng.SuiteRunner.run(SuiteRunner.java:259)
	at org.testng.SuiteRunnerWorker.runSuite(SuiteRunnerWorker.java:52)
	at org.testng.SuiteRunnerWorker.run(SuiteRunnerWorker.java:86)
	at org.testng.TestNG.runSuitesSequentially(TestNG.java:1185)
	at org.testng.TestNG.runSuitesLocally(TestNG.java:1110)
	at org.testng.TestNG.run(TestNG.java:1018)
	at org.apache.maven.surefire.testng.TestNGExecutor.run(TestNGExecutor.java:132)
	at org.apache.maven.surefire.testng.TestNGDirectoryTestSuite.executeMulti(TestNGDirectoryTestSuite.java:224)
	at org.apache.maven.surefire.testng.TestNGDirectoryTestSuite.execute(TestNGDirectoryTestSuite.java:113)
	at org.apache.maven.surefire.testng.TestNGProvider.invoke(TestNGProvider.java:146)
	at org.apache.maven.surefire.booter.ForkedBooter.invokeProviderInSameClassLoader(ForkedBooter.java:286)
	at org.apache.maven.surefire.booter.ForkedBooter.runSuitesInProcess(ForkedBooter.java:240)
	at org.apache.maven.surefire.booter.ForkedBooter.main(ForkedBooter.java:121)
</pre></div></td>
<td>0</td>
<td>com.nagasumali.stocks.controller.converter.TradeDtoConverterTest@72458efc</td></tr>
<tr>
<td title='com.nagasumali.stocks.controller.StockControllerTest.shouldThrowExceptionWhenGettingAllSharesIndexAndServiceThrowsException()'><b>shouldThrowExceptionWhenGettingAllSharesIndexAndServiceThrowsException</b><br>Test class: com.nagasumali.stocks.controller.StockControllerTest</td>
<td><div><pre>java.lang.IllegalArgumentException
	at com.nagasumali.stocks.controller.StockController.getGBCEAllSharesIndex(StockController.java:100)
	at com.nagasumali.stocks.controller.StockControllerTest.shouldThrowExceptionWhenGettingAllSharesIndexAndServiceThrowsException(StockControllerTest.java:179)
... Removed 28 stack frames</pre></div><a href='#' onClick='toggleBox("stack-trace138617961", this, "Click to show all stack frames", "Click to hide stack frames")'>Click to show all stack frames</a>
<div class='stack-trace' id='stack-trace138617961'><pre>java.lang.IllegalArgumentException
	at com.nagasumali.stocks.controller.StockController.getGBCEAllSharesIndex(StockController.java:100)
	at com.nagasumali.stocks.controller.StockControllerTest.shouldThrowExceptionWhenGettingAllSharesIndexAndServiceThrowsException(StockControllerTest.java:179)
	at sun.reflect.NativeMethodAccessorImpl.invoke0(Native Method)
	at sun.reflect.NativeMethodAccessorImpl.invoke(NativeMethodAccessorImpl.java:62)
	at sun.reflect.DelegatingMethodAccessorImpl.invoke(DelegatingMethodAccessorImpl.java:43)
	at java.lang.reflect.Method.invoke(Method.java:498)
	at org.testng.internal.MethodInvocationHelper.invokeMethod(MethodInvocationHelper.java:85)
	at org.testng.internal.Invoker.invokeMethod(Invoker.java:639)
	at org.testng.internal.Invoker.invokeTestMethod(Invoker.java:821)
	at org.testng.internal.Invoker.invokeTestMethods(Invoker.java:1131)
	at org.testng.internal.TestMethodWorker.invokeTestMethods(TestMethodWorker.java:124)
	at org.testng.internal.TestMethodWorker.run(TestMethodWorker.java:108)
	at org.testng.TestRunner.privateRun(TestRunner.java:773)
	at org.testng.TestRunner.run(TestRunner.java:623)
	at org.testng.SuiteRunner.runTest(SuiteRunner.java:357)
	at org.testng.SuiteRunner.runSequentially(SuiteRunner.java:352)
	at org.testng.SuiteRunner.privateRun(SuiteRunner.java:310)
	at org.testng.SuiteRunner.run(SuiteRunner.java:259)
	at org.testng.SuiteRunnerWorker.runSuite(SuiteRunnerWorker.java:52)
	at org.testng.SuiteRunnerWorker.run(SuiteRunnerWorker.java:86)
	at org.testng.TestNG.runSuitesSequentially(TestNG.java:1185)
	at org.testng.TestNG.runSuitesLocally(TestNG.java:1110)
	at org.testng.TestNG.run(TestNG.java:1018)
	at org.apache.maven.surefire.testng.TestNGExecutor.run(TestNGExecutor.java:132)
	at org.apache.maven.surefire.testng.TestNGDirectoryTestSuite.executeMulti(TestNGDirectoryTestSuite.java:224)
	at org.apache.maven.surefire.testng.TestNGDirectoryTestSuite.execute(TestNGDirectoryTestSuite.java:113)
	at org.apache.maven.surefire.testng.TestNGProvider.invoke(TestNGProvider.java:146)
	at org.apache.maven.surefire.booter.ForkedBooter.invokeProviderInSameClassLoader(ForkedBooter.java:286)
	at org.apache.maven.surefire.booter.ForkedBooter.runSuitesInProcess(ForkedBooter.java:240)
	at org.apache.maven.surefire.booter.ForkedBooter.main(ForkedBooter.java:121)
</pre></div></td>
<td>0</td>
<td>com.nagasumali.stocks.controller.StockControllerTest@36bc415e</td></tr>
<tr>
<td title='com.nagasumali.stocks.controller.StockControllerTest.shouldThrowExceptionWhenGettingDividendAndServiceThrowsException()'><b>shouldThrowExceptionWhenGettingDividendAndServiceThrowsException</b><br>Test class: com.nagasumali.stocks.controller.StockControllerTest</td>
<td><div><pre>java.lang.IllegalArgumentException
	at com.nagasumali.stocks.controller.StockController.getDividend(StockController.java:67)
	at com.nagasumali.stocks.controller.StockControllerTest.shouldThrowExceptionWhenGettingDividendAndServiceThrowsException(StockControllerTest.java:132)
... Removed 28 stack frames</pre></div><a href='#' onClick='toggleBox("stack-trace1623813812", this, "Click to show all stack frames", "Click to hide stack frames")'>Click to show all stack frames</a>
<div class='stack-trace' id='stack-trace1623813812'><pre>java.lang.IllegalArgumentException
	at com.nagasumali.stocks.controller.StockController.getDividend(StockController.java:67)
	at com.nagasumali.stocks.controller.StockControllerTest.shouldThrowExceptionWhenGettingDividendAndServiceThrowsException(StockControllerTest.java:132)
	at sun.reflect.NativeMethodAccessorImpl.invoke0(Native Method)
	at sun.reflect.NativeMethodAccessorImpl.invoke(NativeMethodAccessorImpl.java:62)
	at sun.reflect.DelegatingMethodAccessorImpl.invoke(DelegatingMethodAccessorImpl.java:43)
	at java.lang.reflect.Method.invoke(Method.java:498)
	at org.testng.internal.MethodInvocationHelper.invokeMethod(MethodInvocationHelper.java:85)
	at org.testng.internal.Invoker.invokeMethod(Invoker.java:639)
	at org.testng.internal.Invoker.invokeTestMethod(Invoker.java:821)
	at org.testng.internal.Invoker.invokeTestMethods(Invoker.java:1131)
	at org.testng.internal.TestMethodWorker.invokeTestMethods(TestMethodWorker.java:124)
	at org.testng.internal.TestMethodWorker.run(TestMethodWorker.java:108)
	at org.testng.TestRunner.privateRun(TestRunner.java:773)
	at org.testng.TestRunner.run(TestRunner.java:623)
	at org.testng.SuiteRunner.runTest(SuiteRunner.java:357)
	at org.testng.SuiteRunner.runSequentially(SuiteRunner.java:352)
	at org.testng.SuiteRunner.privateRun(SuiteRunner.java:310)
	at org.testng.SuiteRunner.run(SuiteRunner.java:259)
	at org.testng.SuiteRunnerWorker.runSuite(SuiteRunnerWorker.java:52)
	at org.testng.SuiteRunnerWorker.run(SuiteRunnerWorker.java:86)
	at org.testng.TestNG.runSuitesSequentially(TestNG.java:1185)
	at org.testng.TestNG.runSuitesLocally(TestNG.java:1110)
	at org.testng.TestNG.run(TestNG.java:1018)
	at org.apache.maven.surefire.testng.TestNGExecutor.run(TestNGExecutor.java:132)
	at org.apache.maven.surefire.testng.TestNGDirectoryTestSuite.executeMulti(TestNGDirectoryTestSuite.java:224)
	at org.apache.maven.surefire.testng.TestNGDirectoryTestSuite.execute(TestNGDirectoryTestSuite.java:113)
	at org.apache.maven.surefire.testng.TestNGProvider.invoke(TestNGProvider.java:146)
	at org.apache.maven.surefire.booter.ForkedBooter.invokeProviderInSameClassLoader(ForkedBooter.java:286)
	at org.apache.maven.surefire.booter.ForkedBooter.runSuitesInProcess(ForkedBooter.java:240)
	at org.apache.maven.surefire.booter.ForkedBooter.main(ForkedBooter.java:121)
</pre></div></td>
<td>0</td>
<td>com.nagasumali.stocks.controller.StockControllerTest@36bc415e</td></tr>
<tr>
<td title='com.nagasumali.stocks.controller.StockControllerTest.shouldThrowExceptionWhenGettingPERatioAndServiceThrowsException()'><b>shouldThrowExceptionWhenGettingPERatioAndServiceThrowsException</b><br>Test class: com.nagasumali.stocks.controller.StockControllerTest</td>
<td><div><pre>java.lang.IllegalArgumentException
	at com.nagasumali.stocks.controller.StockController.getPERatio(StockController.java:78)
	at com.nagasumali.stocks.controller.StockControllerTest.shouldThrowExceptionWhenGettingPERatioAndServiceThrowsException(StockControllerTest.java:148)
... Removed 28 stack frames</pre></div><a href='#' onClick='toggleBox("stack-trace1105778967", this, "Click to show all stack frames", "Click to hide stack frames")'>Click to show all stack frames</a>
<div class='stack-trace' id='stack-trace1105778967'><pre>java.lang.IllegalArgumentException
	at com.nagasumali.stocks.controller.StockController.getPERatio(StockController.java:78)
	at com.nagasumali.stocks.controller.StockControllerTest.shouldThrowExceptionWhenGettingPERatioAndServiceThrowsException(StockControllerTest.java:148)
	at sun.reflect.NativeMethodAccessorImpl.invoke0(Native Method)
	at sun.reflect.NativeMethodAccessorImpl.invoke(NativeMethodAccessorImpl.java:62)
	at sun.reflect.DelegatingMethodAccessorImpl.invoke(DelegatingMethodAccessorImpl.java:43)
	at java.lang.reflect.Method.invoke(Method.java:498)
	at org.testng.internal.MethodInvocationHelper.invokeMethod(MethodInvocationHelper.java:85)
	at org.testng.internal.Invoker.invokeMethod(Invoker.java:639)
	at org.testng.internal.Invoker.invokeTestMethod(Invoker.java:821)
	at org.testng.internal.Invoker.invokeTestMethods(Invoker.java:1131)
	at org.testng.internal.TestMethodWorker.invokeTestMethods(TestMethodWorker.java:124)
	at org.testng.internal.TestMethodWorker.run(TestMethodWorker.java:108)
	at org.testng.TestRunner.privateRun(TestRunner.java:773)
	at org.testng.TestRunner.run(TestRunner.java:623)
	at org.testng.SuiteRunner.runTest(SuiteRunner.java:357)
	at org.testng.SuiteRunner.runSequentially(SuiteRunner.java:352)
	at org.testng.SuiteRunner.privateRun(SuiteRunner.java:310)
	at org.testng.SuiteRunner.run(SuiteRunner.java:259)
	at org.testng.SuiteRunnerWorker.runSuite(SuiteRunnerWorker.java:52)
	at org.testng.SuiteRunnerWorker.run(SuiteRunnerWorker.java:86)
	at org.testng.TestNG.runSuitesSequentially(TestNG.java:1185)
	at org.testng.TestNG.runSuitesLocally(TestNG.java:1110)
	at org.testng.TestNG.run(TestNG.java:1018)
	at org.apache.maven.surefire.testng.TestNGExecutor.run(TestNGExecutor.java:132)
	at org.apache.maven.surefire.testng.TestNGDirectoryTestSuite.executeMulti(TestNGDirectoryTestSuite.java:224)
	at org.apache.maven.surefire.testng.TestNGDirectoryTestSuite.execute(TestNGDirectoryTestSuite.java:113)
	at org.apache.maven.surefire.testng.TestNGProvider.invoke(TestNGProvider.java:146)
	at org.apache.maven.surefire.booter.ForkedBooter.invokeProviderInSameClassLoader(ForkedBooter.java:286)
	at org.apache.maven.surefire.booter.ForkedBooter.runSuitesInProcess(ForkedBooter.java:240)
	at org.apache.maven.surefire.booter.ForkedBooter.main(ForkedBooter.java:121)
</pre></div></td>
<td>0</td>
<td>com.nagasumali.stocks.controller.StockControllerTest@36bc415e</td></tr>
<tr>
<td title='com.nagasumali.stocks.controller.StockControllerTest.shouldThrowExceptionWhenGettingStockAndConverterServiceThrowsException()'><b>shouldThrowExceptionWhenGettingStockAndConverterServiceThrowsException</b><br>Test class: com.nagasumali.stocks.controller.StockControllerTest</td>
<td><div><pre>java.lang.IllegalArgumentException
	at com.nagasumali.stocks.controller.StockController.getStock(StockController.java:60)
	at com.nagasumali.stocks.controller.StockControllerTest.shouldThrowExceptionWhenGettingStockAndConverterServiceThrowsException(StockControllerTest.java:116)
... Removed 28 stack frames</pre></div><a href='#' onClick='toggleBox("stack-trace976935143", this, "Click to show all stack frames", "Click to hide stack frames")'>Click to show all stack frames</a>
<div class='stack-trace' id='stack-trace976935143'><pre>java.lang.IllegalArgumentException
	at com.nagasumali.stocks.controller.StockController.getStock(StockController.java:60)
	at com.nagasumali.stocks.controller.StockControllerTest.shouldThrowExceptionWhenGettingStockAndConverterServiceThrowsException(StockControllerTest.java:116)
	at sun.reflect.NativeMethodAccessorImpl.invoke0(Native Method)
	at sun.reflect.NativeMethodAccessorImpl.invoke(NativeMethodAccessorImpl.java:62)
	at sun.reflect.DelegatingMethodAccessorImpl.invoke(DelegatingMethodAccessorImpl.java:43)
	at java.lang.reflect.Method.invoke(Method.java:498)
	at org.testng.internal.MethodInvocationHelper.invokeMethod(MethodInvocationHelper.java:85)
	at org.testng.internal.Invoker.invokeMethod(Invoker.java:639)
	at org.testng.internal.Invoker.invokeTestMethod(Invoker.java:821)
	at org.testng.internal.Invoker.invokeTestMethods(Invoker.java:1131)
	at org.testng.internal.TestMethodWorker.invokeTestMethods(TestMethodWorker.java:124)
	at org.testng.internal.TestMethodWorker.run(TestMethodWorker.java:108)
	at org.testng.TestRunner.privateRun(TestRunner.java:773)
	at org.testng.TestRunner.run(TestRunner.java:623)
	at org.testng.SuiteRunner.runTest(SuiteRunner.java:357)
	at org.testng.SuiteRunner.runSequentially(SuiteRunner.java:352)
	at org.testng.SuiteRunner.privateRun(SuiteRunner.java:310)
	at org.testng.SuiteRunner.run(SuiteRunner.java:259)
	at org.testng.SuiteRunnerWorker.runSuite(SuiteRunnerWorker.java:52)
	at org.testng.SuiteRunnerWorker.run(SuiteRunnerWorker.java:86)
	at org.testng.TestNG.runSuitesSequentially(TestNG.java:1185)
	at org.testng.TestNG.runSuitesLocally(TestNG.java:1110)
	at org.testng.TestNG.run(TestNG.java:1018)
	at org.apache.maven.surefire.testng.TestNGExecutor.run(TestNGExecutor.java:132)
	at org.apache.maven.surefire.testng.TestNGDirectoryTestSuite.executeMulti(TestNGDirectoryTestSuite.java:224)
	at org.apache.maven.surefire.testng.TestNGDirectoryTestSuite.execute(TestNGDirectoryTestSuite.java:113)
	at org.apache.maven.surefire.testng.TestNGProvider.invoke(TestNGProvider.java:146)
	at org.apache.maven.surefire.booter.ForkedBooter.invokeProviderInSameClassLoader(ForkedBooter.java:286)
	at org.apache.maven.surefire.booter.ForkedBooter.runSuitesInProcess(ForkedBooter.java:240)
	at org.apache.maven.surefire.booter.ForkedBooter.main(ForkedBooter.java:121)
</pre></div></td>
<td>0</td>
<td>com.nagasumali.stocks.controller.StockControllerTest@36bc415e</td></tr>
<tr>
<td title='com.nagasumali.stocks.controller.StockControllerTest.shouldThrowExceptionWhenGettingStockAndServiceThrowsException()'><b>shouldThrowExceptionWhenGettingStockAndServiceThrowsException</b><br>Test class: com.nagasumali.stocks.controller.StockControllerTest</td>
<td><div><pre>java.lang.IllegalArgumentException
	at com.nagasumali.stocks.controller.StockController.getStock(StockController.java:59)
	at com.nagasumali.stocks.controller.StockControllerTest.shouldThrowExceptionWhenGettingStockAndServiceThrowsException(StockControllerTest.java:107)
... Removed 28 stack frames</pre></div><a href='#' onClick='toggleBox("stack-trace969407243", this, "Click to show all stack frames", "Click to hide stack frames")'>Click to show all stack frames</a>
<div class='stack-trace' id='stack-trace969407243'><pre>java.lang.IllegalArgumentException
	at com.nagasumali.stocks.controller.StockController.getStock(StockController.java:59)
	at com.nagasumali.stocks.controller.StockControllerTest.shouldThrowExceptionWhenGettingStockAndServiceThrowsException(StockControllerTest.java:107)
	at sun.reflect.NativeMethodAccessorImpl.invoke0(Native Method)
	at sun.reflect.NativeMethodAccessorImpl.invoke(NativeMethodAccessorImpl.java:62)
	at sun.reflect.DelegatingMethodAccessorImpl.invoke(DelegatingMethodAccessorImpl.java:43)
	at java.lang.reflect.Method.invoke(Method.java:498)
	at org.testng.internal.MethodInvocationHelper.invokeMethod(MethodInvocationHelper.java:85)
	at org.testng.internal.Invoker.invokeMethod(Invoker.java:639)
	at org.testng.internal.Invoker.invokeTestMethod(Invoker.java:821)
	at org.testng.internal.Invoker.invokeTestMethods(Invoker.java:1131)
	at org.testng.internal.TestMethodWorker.invokeTestMethods(TestMethodWorker.java:124)
	at org.testng.internal.TestMethodWorker.run(TestMethodWorker.java:108)
	at org.testng.TestRunner.privateRun(TestRunner.java:773)
	at org.testng.TestRunner.run(TestRunner.java:623)
	at org.testng.SuiteRunner.runTest(SuiteRunner.java:357)
	at org.testng.SuiteRunner.runSequentially(SuiteRunner.java:352)
	at org.testng.SuiteRunner.privateRun(SuiteRunner.java:310)
	at org.testng.SuiteRunner.run(SuiteRunner.java:259)
	at org.testng.SuiteRunnerWorker.runSuite(SuiteRunnerWorker.java:52)
	at org.testng.SuiteRunnerWorker.run(SuiteRunnerWorker.java:86)
	at org.testng.TestNG.runSuitesSequentially(TestNG.java:1185)
	at org.testng.TestNG.runSuitesLocally(TestNG.java:1110)
	at org.testng.TestNG.run(TestNG.java:1018)
	at org.apache.maven.surefire.testng.TestNGExecutor.run(TestNGExecutor.java:132)
	at org.apache.maven.surefire.testng.TestNGDirectoryTestSuite.executeMulti(TestNGDirectoryTestSuite.java:224)
	at org.apache.maven.surefire.testng.TestNGDirectoryTestSuite.execute(TestNGDirectoryTestSuite.java:113)
	at org.apache.maven.surefire.testng.TestNGProvider.invoke(TestNGProvider.java:146)
	at org.apache.maven.surefire.booter.ForkedBooter.invokeProviderInSameClassLoader(ForkedBooter.java:286)
	at org.apache.maven.surefire.booter.ForkedBooter.runSuitesInProcess(ForkedBooter.java:240)
	at org.apache.maven.surefire.booter.ForkedBooter.main(ForkedBooter.java:121)
</pre></div></td>
<td>0</td>
<td>com.nagasumali.stocks.controller.StockControllerTest@36bc415e</td></tr>
<tr>
<td title='com.nagasumali.stocks.controller.StockControllerTest.shouldThrowExceptionWhenGettingStockPriceAndServiceThrowsException()'><b>shouldThrowExceptionWhenGettingStockPriceAndServiceThrowsException</b><br>Test class: com.nagasumali.stocks.controller.StockControllerTest</td>
<td><div><pre>java.lang.IllegalArgumentException
	at com.nagasumali.stocks.controller.StockController.getStockPrice(StockController.java:89)
	at com.nagasumali.stocks.controller.StockControllerTest.shouldThrowExceptionWhenGettingStockPriceAndServiceThrowsException(StockControllerTest.java:164)
... Removed 28 stack frames</pre></div><a href='#' onClick='toggleBox("stack-trace208875036", this, "Click to show all stack frames", "Click to hide stack frames")'>Click to show all stack frames</a>
<div class='stack-trace' id='stack-trace208875036'><pre>java.lang.IllegalArgumentException
	at com.nagasumali.stocks.controller.StockController.getStockPrice(StockController.java:89)
	at com.nagasumali.stocks.controller.StockControllerTest.shouldThrowExceptionWhenGettingStockPriceAndServiceThrowsException(StockControllerTest.java:164)
	at sun.reflect.NativeMethodAccessorImpl.invoke0(Native Method)
	at sun.reflect.NativeMethodAccessorImpl.invoke(NativeMethodAccessorImpl.java:62)
	at sun.reflect.DelegatingMethodAccessorImpl.invoke(DelegatingMethodAccessorImpl.java:43)
	at java.lang.reflect.Method.invoke(Method.java:498)
	at org.testng.internal.MethodInvocationHelper.invokeMethod(MethodInvocationHelper.java:85)
	at org.testng.internal.Invoker.invokeMethod(Invoker.java:639)
	at org.testng.internal.Invoker.invokeTestMethod(Invoker.java:821)
	at org.testng.internal.Invoker.invokeTestMethods(Invoker.java:1131)
	at org.testng.internal.TestMethodWorker.invokeTestMethods(TestMethodWorker.java:124)
	at org.testng.internal.TestMethodWorker.run(TestMethodWorker.java:108)
	at org.testng.TestRunner.privateRun(TestRunner.java:773)
	at org.testng.TestRunner.run(TestRunner.java:623)
	at org.testng.SuiteRunner.runTest(SuiteRunner.java:357)
	at org.testng.SuiteRunner.runSequentially(SuiteRunner.java:352)
	at org.testng.SuiteRunner.privateRun(SuiteRunner.java:310)
	at org.testng.SuiteRunner.run(SuiteRunner.java:259)
	at org.testng.SuiteRunnerWorker.runSuite(SuiteRunnerWorker.java:52)
	at org.testng.SuiteRunnerWorker.run(SuiteRunnerWorker.java:86)
	at org.testng.TestNG.runSuitesSequentially(TestNG.java:1185)
	at org.testng.TestNG.runSuitesLocally(TestNG.java:1110)
	at org.testng.TestNG.run(TestNG.java:1018)
	at org.apache.maven.surefire.testng.TestNGExecutor.run(TestNGExecutor.java:132)
	at org.apache.maven.surefire.testng.TestNGDirectoryTestSuite.executeMulti(TestNGDirectoryTestSuite.java:224)
	at org.apache.maven.surefire.testng.TestNGDirectoryTestSuite.execute(TestNGDirectoryTestSuite.java:113)
	at org.apache.maven.surefire.testng.TestNGProvider.invoke(TestNGProvider.java:146)
	at org.apache.maven.surefire.booter.ForkedBooter.invokeProviderInSameClassLoader(ForkedBooter.java:286)
	at org.apache.maven.surefire.booter.ForkedBooter.runSuitesInProcess(ForkedBooter.java:240)
	at org.apache.maven.surefire.booter.ForkedBooter.main(ForkedBooter.java:121)
</pre></div></td>
<td>0</td>
<td>com.nagasumali.stocks.controller.StockControllerTest@36bc415e</td></tr>
<tr>
<td title='com.nagasumali.stocks.controller.StockControllerTest.shouldThrowExceptionWhenPostingStockAndConverterThrowsException()'><b>shouldThrowExceptionWhenPostingStockAndConverterThrowsException</b><br>Test class: com.nagasumali.stocks.controller.StockControllerTest</td>
<td><div><pre>java.lang.IllegalArgumentException
	at com.nagasumali.stocks.controller.StockController.postStock(StockController.java:45)
	at com.nagasumali.stocks.controller.StockControllerTest.shouldThrowExceptionWhenPostingStockAndConverterThrowsException(StockControllerTest.java:82)
... Removed 28 stack frames</pre></div><a href='#' onClick='toggleBox("stack-trace841681370", this, "Click to show all stack frames", "Click to hide stack frames")'>Click to show all stack frames</a>
<div class='stack-trace' id='stack-trace841681370'><pre>java.lang.IllegalArgumentException
	at com.nagasumali.stocks.controller.StockController.postStock(StockController.java:45)
	at com.nagasumali.stocks.controller.StockControllerTest.shouldThrowExceptionWhenPostingStockAndConverterThrowsException(StockControllerTest.java:82)
	at sun.reflect.NativeMethodAccessorImpl.invoke0(Native Method)
	at sun.reflect.NativeMethodAccessorImpl.invoke(NativeMethodAccessorImpl.java:62)
	at sun.reflect.DelegatingMethodAccessorImpl.invoke(DelegatingMethodAccessorImpl.java:43)
	at java.lang.reflect.Method.invoke(Method.java:498)
	at org.testng.internal.MethodInvocationHelper.invokeMethod(MethodInvocationHelper.java:85)
	at org.testng.internal.Invoker.invokeMethod(Invoker.java:639)
	at org.testng.internal.Invoker.invokeTestMethod(Invoker.java:821)
	at org.testng.internal.Invoker.invokeTestMethods(Invoker.java:1131)
	at org.testng.internal.TestMethodWorker.invokeTestMethods(TestMethodWorker.java:124)
	at org.testng.internal.TestMethodWorker.run(TestMethodWorker.java:108)
	at org.testng.TestRunner.privateRun(TestRunner.java:773)
	at org.testng.TestRunner.run(TestRunner.java:623)
	at org.testng.SuiteRunner.runTest(SuiteRunner.java:357)
	at org.testng.SuiteRunner.runSequentially(SuiteRunner.java:352)
	at org.testng.SuiteRunner.privateRun(SuiteRunner.java:310)
	at org.testng.SuiteRunner.run(SuiteRunner.java:259)
	at org.testng.SuiteRunnerWorker.runSuite(SuiteRunnerWorker.java:52)
	at org.testng.SuiteRunnerWorker.run(SuiteRunnerWorker.java:86)
	at org.testng.TestNG.runSuitesSequentially(TestNG.java:1185)
	at org.testng.TestNG.runSuitesLocally(TestNG.java:1110)
	at org.testng.TestNG.run(TestNG.java:1018)
	at org.apache.maven.surefire.testng.TestNGExecutor.run(TestNGExecutor.java:132)
	at org.apache.maven.surefire.testng.TestNGDirectoryTestSuite.executeMulti(TestNGDirectoryTestSuite.java:224)
	at org.apache.maven.surefire.testng.TestNGDirectoryTestSuite.execute(TestNGDirectoryTestSuite.java:113)
	at org.apache.maven.surefire.testng.TestNGProvider.invoke(TestNGProvider.java:146)
	at org.apache.maven.surefire.booter.ForkedBooter.invokeProviderInSameClassLoader(ForkedBooter.java:286)
	at org.apache.maven.surefire.booter.ForkedBooter.runSuitesInProcess(ForkedBooter.java:240)
	at org.apache.maven.surefire.booter.ForkedBooter.main(ForkedBooter.java:121)
</pre></div></td>
<td>0</td>
<td>com.nagasumali.stocks.controller.StockControllerTest@36bc415e</td></tr>
<tr>
<td title='com.nagasumali.stocks.controller.StockControllerTest.shouldThrowExceptionWhenPostingStockAndServiceThrowsException()'><b>shouldThrowExceptionWhenPostingStockAndServiceThrowsException</b><br>Test class: com.nagasumali.stocks.controller.StockControllerTest</td>
<td><div><pre>java.lang.IllegalArgumentException
	at com.nagasumali.stocks.controller.StockController.postStock(StockController.java:46)
	at com.nagasumali.stocks.controller.StockControllerTest.shouldThrowExceptionWhenPostingStockAndServiceThrowsException(StockControllerTest.java:76)
... Removed 28 stack frames</pre></div><a href='#' onClick='toggleBox("stack-trace1432599360", this, "Click to show all stack frames", "Click to hide stack frames")'>Click to show all stack frames</a>
<div class='stack-trace' id='stack-trace1432599360'><pre>java.lang.IllegalArgumentException
	at com.nagasumali.stocks.controller.StockController.postStock(StockController.java:46)
	at com.nagasumali.stocks.controller.StockControllerTest.shouldThrowExceptionWhenPostingStockAndServiceThrowsException(StockControllerTest.java:76)
	at sun.reflect.NativeMethodAccessorImpl.invoke0(Native Method)
	at sun.reflect.NativeMethodAccessorImpl.invoke(NativeMethodAccessorImpl.java:62)
	at sun.reflect.DelegatingMethodAccessorImpl.invoke(DelegatingMethodAccessorImpl.java:43)
	at java.lang.reflect.Method.invoke(Method.java:498)
	at org.testng.internal.MethodInvocationHelper.invokeMethod(MethodInvocationHelper.java:85)
	at org.testng.internal.Invoker.invokeMethod(Invoker.java:639)
	at org.testng.internal.Invoker.invokeTestMethod(Invoker.java:821)
	at org.testng.internal.Invoker.invokeTestMethods(Invoker.java:1131)
	at org.testng.internal.TestMethodWorker.invokeTestMethods(TestMethodWorker.java:124)
	at org.testng.internal.TestMethodWorker.run(TestMethodWorker.java:108)
	at org.testng.TestRunner.privateRun(TestRunner.java:773)
	at org.testng.TestRunner.run(TestRunner.java:623)
	at org.testng.SuiteRunner.runTest(SuiteRunner.java:357)
	at org.testng.SuiteRunner.runSequentially(SuiteRunner.java:352)
	at org.testng.SuiteRunner.privateRun(SuiteRunner.java:310)
	at org.testng.SuiteRunner.run(SuiteRunner.java:259)
	at org.testng.SuiteRunnerWorker.runSuite(SuiteRunnerWorker.java:52)
	at org.testng.SuiteRunnerWorker.run(SuiteRunnerWorker.java:86)
	at org.testng.TestNG.runSuitesSequentially(TestNG.java:1185)
	at org.testng.TestNG.runSuitesLocally(TestNG.java:1110)
	at org.testng.TestNG.run(TestNG.java:1018)
	at org.apache.maven.surefire.testng.TestNGExecutor.run(TestNGExecutor.java:132)
	at org.apache.maven.surefire.testng.TestNGDirectoryTestSuite.executeMulti(TestNGDirectoryTestSuite.java:224)
	at org.apache.maven.surefire.testng.TestNGDirectoryTestSuite.execute(TestNGDirectoryTestSuite.java:113)
	at org.apache.maven.surefire.testng.TestNGProvider.invoke(TestNGProvider.java:146)
	at org.apache.maven.surefire.booter.ForkedBooter.invokeProviderInSameClassLoader(ForkedBooter.java:286)
	at org.apache.maven.surefire.booter.ForkedBooter.runSuitesInProcess(ForkedBooter.java:240)
	at org.apache.maven.surefire.booter.ForkedBooter.main(ForkedBooter.java:121)
</pre></div></td>
<td>0</td>
<td>com.nagasumali.stocks.controller.StockControllerTest@36bc415e</td></tr>
<tr>
<td title='com.nagasumali.stocks.spec.TradeSpecificationTest.shouldValidateDateInterval()'><b>shouldValidateDateInterval</b><br>Test class: com.nagasumali.stocks.spec.TradeSpecificationTest</td>
<td></td>
<td>0</td>
<td>com.nagasumali.stocks.spec.TradeSpecificationTest@35c09b94</td></tr>
<tr>
<td title='com.nagasumali.stocks.spec.TradeSpecificationTest.shouldValidateStockSymbol()'><b>shouldValidateStockSymbol</b><br>Test class: com.nagasumali.stocks.spec.TradeSpecificationTest</td>
<td></td>
<td>0</td>
<td>com.nagasumali.stocks.spec.TradeSpecificationTest@35c09b94</td></tr>
<tr>
<td title='com.nagasumali.stocks.spec.StockSpecificationTest.shouldValidateSymbol()'><b>shouldValidateSymbol</b><br>Test class: com.nagasumali.stocks.spec.StockSpecificationTest</td>
<td></td>
<td>0</td>
<td>com.nagasumali.stocks.spec.StockSpecificationTest@4917d36b</td></tr>
</table><p>
</body>
</html>